2022-08-23 04:27:21.158 [main][2595] INFO  step_definitions.Hooks - -----Scenario : Check login is successful with valid credentials------
2022-08-23 04:27:21.458 [main][2895] DEBUG io.netty.util.internal.logging.InternalLoggerFactory - Using Log4J2 as the default logging framework
2022-08-23 04:27:21.458 [main][2895] DEBUG io.netty.util.ResourceLeakDetector - -Dio.netty.leakDetection.level: simple
2022-08-23 04:27:21.458 [main][2895] DEBUG io.netty.util.ResourceLeakDetector - -Dio.netty.leakDetection.targetRecords: 4
2022-08-23 04:27:21.474 [main][2911] DEBUG io.netty.util.ResourceLeakDetectorFactory - Loaded default ResourceLeakDetector: io.netty.util.ResourceLeakDetector@10ef5fa0
2022-08-23 04:27:21.474 [main][2911] DEBUG io.netty.util.internal.PlatformDependent0 - -Dio.netty.noUnsafe: false
2022-08-23 04:27:21.474 [main][2911] DEBUG io.netty.util.internal.PlatformDependent0 - Java version: 11
2022-08-23 04:27:21.474 [main][2911] DEBUG io.netty.util.internal.PlatformDependent0 - sun.misc.Unsafe.theUnsafe: available
2022-08-23 04:27:21.474 [main][2911] DEBUG io.netty.util.internal.PlatformDependent0 - sun.misc.Unsafe.copyMemory: available
2022-08-23 04:27:21.474 [main][2911] DEBUG io.netty.util.internal.PlatformDependent0 - sun.misc.Unsafe.storeFence: available
2022-08-23 04:27:21.474 [main][2911] DEBUG io.netty.util.internal.PlatformDependent0 - java.nio.Buffer.address: available
2022-08-23 04:27:21.474 [main][2911] DEBUG io.netty.util.internal.PlatformDependent0 - direct buffer constructor: unavailable: Reflective setAccessible(true) disabled
2022-08-23 04:27:21.474 [main][2911] DEBUG io.netty.util.internal.PlatformDependent0 - java.nio.Bits.unaligned: available, true
2022-08-23 04:27:21.474 [main][2911] DEBUG io.netty.util.internal.PlatformDependent0 - jdk.internal.misc.Unsafe.allocateUninitializedArray(int): unavailable: class io.netty.util.internal.PlatformDependent0$7 cannot access class jdk.internal.misc.Unsafe (in module java.base) because module java.base does not export jdk.internal.misc to unnamed module @2a54a73f
2022-08-23 04:27:21.474 [main][2911] DEBUG io.netty.util.internal.PlatformDependent0 - java.nio.DirectByteBuffer.<init>(long, int): unavailable
2022-08-23 04:27:21.474 [main][2911] DEBUG io.netty.util.internal.PlatformDependent - sun.misc.Unsafe: available
2022-08-23 04:27:21.474 [main][2911] DEBUG io.netty.util.internal.PlatformDependent - maxDirectMemory: 4213178368 bytes (maybe)
2022-08-23 04:27:21.474 [main][2911] DEBUG io.netty.util.internal.PlatformDependent - -Dio.netty.tmpdir: C:\Users\morbe\AppData\Local\Temp (java.io.tmpdir)
2022-08-23 04:27:21.474 [main][2911] DEBUG io.netty.util.internal.PlatformDependent - -Dio.netty.bitMode: 64 (sun.arch.data.model)
2022-08-23 04:27:21.474 [main][2911] DEBUG io.netty.util.internal.PlatformDependent - Platform: Windows
2022-08-23 04:27:21.474 [main][2911] DEBUG io.netty.util.internal.PlatformDependent - -Dio.netty.maxDirectMemory: -1 bytes
2022-08-23 04:27:21.489 [main][2926] DEBUG io.netty.util.internal.PlatformDependent - -Dio.netty.uninitializedArrayAllocationThreshold: -1
2022-08-23 04:27:21.489 [main][2926] DEBUG io.netty.util.internal.CleanerJava9 - java.nio.ByteBuffer.cleaner(): available
2022-08-23 04:27:21.489 [main][2926] DEBUG io.netty.util.internal.PlatformDependent - -Dio.netty.noPreferDirect: false
2022-08-23 04:27:21.489 [main][2926] DEBUG io.netty.util.internal.PlatformDependent - org.jctools-core.MpscChunkedArrayQueue: available
2022-08-23 04:27:21.489 [main][2926] DEBUG io.netty.util.internal.InternalThreadLocalMap - -Dio.netty.threadLocalMap.stringBuilder.initialSize: 1024
2022-08-23 04:27:21.489 [main][2926] DEBUG io.netty.util.internal.InternalThreadLocalMap - -Dio.netty.threadLocalMap.stringBuilder.maxSize: 4096
2022-08-23 04:27:21.505 [main][2942] DEBUG io.netty.handler.ssl.JdkSslContext - Default protocols (JDK): [TLSv1.3, TLSv1.2] 
2022-08-23 04:27:21.505 [main][2942] DEBUG io.netty.handler.ssl.JdkSslContext - Default cipher suites (JDK): [TLS_ECDHE_ECDSA_WITH_AES_256_GCM_SHA384, TLS_ECDHE_ECDSA_WITH_AES_128_GCM_SHA256, TLS_ECDHE_RSA_WITH_AES_128_GCM_SHA256, TLS_ECDHE_RSA_WITH_AES_256_GCM_SHA384, TLS_ECDHE_RSA_WITH_AES_128_CBC_SHA, TLS_ECDHE_RSA_WITH_AES_256_CBC_SHA, TLS_RSA_WITH_AES_128_GCM_SHA256, TLS_RSA_WITH_AES_128_CBC_SHA, TLS_RSA_WITH_AES_256_CBC_SHA, TLS_AES_128_GCM_SHA256, TLS_AES_256_GCM_SHA384]
2022-08-23 04:27:21.521 [main][2958] DEBUG io.netty.channel.MultithreadEventLoopGroup - -Dio.netty.eventLoopThreads: 24
2022-08-23 04:27:21.521 [main][2958] DEBUG io.netty.channel.nio.NioEventLoop - -Dio.netty.noKeySetOptimization: false
2022-08-23 04:27:21.521 [main][2958] DEBUG io.netty.channel.nio.NioEventLoop - -Dio.netty.selectorAutoRebuildThreshold: 512
2022-08-23 04:27:21.552 [main][2989] DEBUG io.netty.buffer.PooledByteBufAllocator - -Dio.netty.allocator.numHeapArenas: 24
2022-08-23 04:27:21.552 [main][2989] DEBUG io.netty.buffer.PooledByteBufAllocator - -Dio.netty.allocator.numDirectArenas: 24
2022-08-23 04:27:21.552 [main][2989] DEBUG io.netty.buffer.PooledByteBufAllocator - -Dio.netty.allocator.pageSize: 8192
2022-08-23 04:27:21.552 [main][2989] DEBUG io.netty.buffer.PooledByteBufAllocator - -Dio.netty.allocator.maxOrder: 9
2022-08-23 04:27:21.552 [main][2989] DEBUG io.netty.buffer.PooledByteBufAllocator - -Dio.netty.allocator.chunkSize: 4194304
2022-08-23 04:27:21.552 [main][2989] DEBUG io.netty.buffer.PooledByteBufAllocator - -Dio.netty.allocator.smallCacheSize: 256
2022-08-23 04:27:21.552 [main][2989] DEBUG io.netty.buffer.PooledByteBufAllocator - -Dio.netty.allocator.normalCacheSize: 64
2022-08-23 04:27:21.552 [main][2989] DEBUG io.netty.buffer.PooledByteBufAllocator - -Dio.netty.allocator.maxCachedBufferCapacity: 32768
2022-08-23 04:27:21.552 [main][2989] DEBUG io.netty.buffer.PooledByteBufAllocator - -Dio.netty.allocator.cacheTrimInterval: 8192
2022-08-23 04:27:21.552 [main][2989] DEBUG io.netty.buffer.PooledByteBufAllocator - -Dio.netty.allocator.cacheTrimIntervalMillis: 0
2022-08-23 04:27:21.552 [main][2989] DEBUG io.netty.buffer.PooledByteBufAllocator - -Dio.netty.allocator.useCacheForAllThreads: false
2022-08-23 04:27:21.552 [main][2989] DEBUG io.netty.buffer.PooledByteBufAllocator - -Dio.netty.allocator.maxCachedByteBuffersPerChunk: 1023
2022-08-23 04:27:21.568 [main][3005] DEBUG io.netty.buffer.ByteBufUtil - -Dio.netty.allocator.type: pooled
2022-08-23 04:27:21.568 [main][3005] DEBUG io.netty.buffer.ByteBufUtil - -Dio.netty.threadLocalDirectBufferSize: 0
2022-08-23 04:27:21.568 [main][3005] DEBUG io.netty.buffer.ByteBufUtil - -Dio.netty.maxThreadLocalCharBufferSize: 16384
2022-08-23 04:27:22.252 [Forwarding newSession on session null to remote][3689] DEBUG io.netty.channel.DefaultChannelId - -Dio.netty.processId: 31492 (auto-detected)
2022-08-23 04:27:22.252 [Forwarding newSession on session null to remote][3689] DEBUG io.netty.util.NetUtil - -Djava.net.preferIPv4Stack: false
2022-08-23 04:27:22.252 [Forwarding newSession on session null to remote][3689] DEBUG io.netty.util.NetUtil - -Djava.net.preferIPv6Addresses: false
2022-08-23 04:27:22.347 [Forwarding newSession on session null to remote][3784] DEBUG io.netty.util.NetUtilInitializations - Loopback interface: lo (Software Loopback Interface 1, 127.0.0.1)
2022-08-23 04:27:22.347 [Forwarding newSession on session null to remote][3784] DEBUG io.netty.util.NetUtil - Failed to get SOMAXCONN from sysctl and file \proc\sys\net\core\somaxconn. Default: 200
2022-08-23 04:27:22.443 [Forwarding newSession on session null to remote][3880] DEBUG io.netty.channel.DefaultChannelId - -Dio.netty.machineId: f8:9e:94:ff:fe:e7:a6:4e (auto-detected)
2022-08-23 04:27:22.459 [AsyncHttpClient-1-2][3896] DEBUG io.netty.buffer.AbstractByteBuf - -Dio.netty.buffer.checkAccessible: true
2022-08-23 04:27:22.459 [AsyncHttpClient-1-2][3896] DEBUG io.netty.buffer.AbstractByteBuf - -Dio.netty.buffer.checkBounds: true
2022-08-23 04:27:22.475 [AsyncHttpClient-1-2][3912] DEBUG io.netty.util.ResourceLeakDetectorFactory - Loaded default ResourceLeakDetector: io.netty.util.ResourceLeakDetector@5bc2d838
2022-08-23 04:27:22.490 [AsyncHttpClient-1-2][3927] DEBUG io.netty.util.Recycler - -Dio.netty.recycler.maxCapacityPerThread: 4096
2022-08-23 04:27:22.490 [AsyncHttpClient-1-2][3927] DEBUG io.netty.util.Recycler - -Dio.netty.recycler.ratio: 8
2022-08-23 04:27:22.490 [AsyncHttpClient-1-2][3927] DEBUG io.netty.util.Recycler - -Dio.netty.recycler.chunkSize: 32
2022-08-23 04:27:22.490 [AsyncHttpClient-1-2][3927] DEBUG io.netty.util.Recycler - -Dio.netty.recycler.blocking: false
2022-08-23 04:27:23.055 [AsyncHttpClient-1-2][4492] DEBUG io.netty.handler.codec.compression.Brotli - brotli4j not in the classpath; Brotli support will be unavailable.
2022-08-23 04:27:23.175 [main][4612] DEBUG io.netty.util.internal.ThreadLocalRandom - -Dio.netty.initialSeedUniquifier: 0x2ea4ff477dad0780
2022-08-23 04:27:24.343 [main][5780] INFO  step_definitions.LoginSteps - User is in the Login Page
2022-08-23 04:27:24.527 [main][5964] INFO  step_definitions.LoginSteps - User has entered credentials
2022-08-23 04:27:24.570 [main][6007] INFO  step_definitions.LoginSteps - User Clicked on the Login Button
2022-08-23 04:27:24.605 [main][6042] INFO  step_definitions.LoginSteps - User is in the home Page
2022-08-23 04:27:25.296 [main][6733] INFO  step_definitions.Hooks - -----End Scenario : Check login is successful with valid credentials------
2022-08-23 04:27:25.302 [main][6739] INFO  step_definitions.Hooks - -----Scenario : Check login is unsuccessful with invalid credentials------
2022-08-23 04:27:27.360 [main][8797] INFO  step_definitions.LoginSteps - User is in the Login Page
2022-08-23 04:27:27.538 [main][8975] INFO  step_definitions.LoginSteps - User has entered credentials
2022-08-23 04:27:27.582 [main][9019] INFO  step_definitions.LoginSteps - User Clicked on the Login Button
2022-08-23 04:27:27.612 [main][9049] INFO  step_definitions.LoginSteps - User is still on the login Page
2022-08-23 04:27:28.284 [main][9721] INFO  step_definitions.Hooks - -----End Scenario : Check login is unsuccessful with invalid credentials------
2022-08-23 04:27:28.289 [main][9726] INFO  step_definitions.Hooks - -----Scenario : Check login is successful with valid credentials for multiple users------
2022-08-23 04:27:31.119 [main][12556] INFO  step_definitions.LoginSteps - User is in the Login Page
2022-08-23 04:27:31.296 [main][12733] INFO  step_definitions.LoginSteps - User has entered credentials
2022-08-23 04:27:31.339 [main][12776] INFO  step_definitions.LoginSteps - User Clicked on the Login Button
2022-08-23 04:27:31.364 [main][12801] INFO  step_definitions.LoginSteps - User is in the home Page
2022-08-23 04:27:32.041 [main][13478] INFO  step_definitions.Hooks - -----End Scenario : Check login is successful with valid credentials for multiple users------
2022-08-23 04:27:32.047 [main][13484] INFO  step_definitions.Hooks - -----Scenario : Check login is successful with valid credentials for multiple users------
2022-08-23 04:27:34.082 [main][15519] INFO  step_definitions.LoginSteps - User is in the Login Page
2022-08-23 04:27:34.275 [main][15712] INFO  step_definitions.LoginSteps - User has entered credentials
2022-08-23 04:27:34.322 [main][15759] INFO  step_definitions.LoginSteps - User Clicked on the Login Button
2022-08-23 04:27:34.348 [main][15785] INFO  step_definitions.LoginSteps - User is in the home Page
2022-08-23 04:27:35.026 [main][16463] INFO  step_definitions.Hooks - -----End Scenario : Check login is successful with valid credentials for multiple users------
2022-08-23 04:27:35.031 [main][16468] INFO  step_definitions.Hooks - -----Scenario : Check login is successful with valid credentials for multiple users------
2022-08-23 04:27:37.287 [main][18724] INFO  step_definitions.LoginSteps - User is in the Login Page
2022-08-23 04:27:37.473 [main][18910] INFO  step_definitions.LoginSteps - User has entered credentials
2022-08-23 04:27:37.517 [main][18954] INFO  step_definitions.LoginSteps - User Clicked on the Login Button
2022-08-23 04:27:37.542 [main][18979] INFO  step_definitions.LoginSteps - User is in the home Page
2022-08-23 04:27:38.209 [main][19646] INFO  step_definitions.Hooks - -----End Scenario : Check login is successful with valid credentials for multiple users------
2022-08-23 04:27:38.217 [main][19654] INFO  step_definitions.Hooks - -----Scenario : Check login is successful using data table------
2022-08-23 04:27:40.434 [main][21871] INFO  step_definitions.LoginSteps - User is in the Login Page
2022-08-23 04:27:40.619 [main][22056] INFO  step_definitions.LoginSteps - User has entered credentials
2022-08-23 04:27:40.660 [main][22097] INFO  step_definitions.LoginSteps - User clicked on login button
2022-08-23 04:27:40.692 [main][22129] INFO  step_definitions.LoginSteps - User is in the home Page
2022-08-23 04:27:41.361 [main][22798] INFO  step_definitions.Hooks - -----End Scenario : Check login is successful using data table------
2022-08-23 04:27:41.372 [main][22809] INFO  step_definitions.Hooks - -----Scenario : Calculate Real APR rete------
2022-08-23 04:27:44.433 [main][25870] INFO  step_definitions.MortgageSteps -  Landed on the mortgage Calculator Home Page
2022-08-23 04:27:44.438 [main][25875] DEBUG page_objects.NavigationBar - Mouse Hover to the Rates Link 
2022-08-23 04:27:44.615 [main][26052] DEBUG page_objects.NavigationBar - Clicking on the Real APR Link
2022-08-23 04:27:45.310 [main][26747] INFO  step_definitions.MortgageSteps - Navigated to Real Apr Page
2022-08-23 04:27:45.312 [main][26749] DEBUG page_objects.RealApr - Typing Home Value : 200000
2022-08-23 04:27:45.421 [main][26858] DEBUG page_objects.RealApr - Typing Down Payment Value:15000
2022-08-23 04:27:45.538 [main][26975] DEBUG page_objects.RealApr - Typing Interest Rate Value:3
2022-08-23 04:27:45.631 [main][27068] DEBUG page_objects.RealApr - Click on the Calculate Button:
2022-08-23 04:27:46.431 [main][27868] INFO  step_definitions.MortgageSteps - Real APR Rate is calculated upon entering the data
2022-08-23 04:27:46.433 [main][27870] DEBUG page_objects.RealApr - Validate the Real Apr rate is: 3.139%
2022-08-23 04:27:46.457 [main][27894] INFO  step_definitions.MortgageSteps - Real APR Rate is Validate
2022-08-23 04:27:47.156 [main][28593] INFO  step_definitions.Hooks - -----End Scenario : Calculate Real APR rete------
