2022-08-23 23:49:34.958 [main][1797] INFO  step_definitions.Hooks - -----Scenario : Check login is successful with valid credentials------
2022-08-23 23:49:35.063 [main][1902] DEBUG io.netty.util.internal.logging.InternalLoggerFactory - Using Log4J2 as the default logging framework
2022-08-23 23:49:35.066 [main][1905] DEBUG io.netty.util.ResourceLeakDetector - -Dio.netty.leakDetection.level: simple
2022-08-23 23:49:35.066 [main][1905] DEBUG io.netty.util.ResourceLeakDetector - -Dio.netty.leakDetection.targetRecords: 4
2022-08-23 23:49:35.069 [main][1908] DEBUG io.netty.util.ResourceLeakDetectorFactory - Loaded default ResourceLeakDetector: io.netty.util.ResourceLeakDetector@4c0884e8
2022-08-23 23:49:35.080 [main][1919] DEBUG io.netty.util.internal.PlatformDependent0 - -Dio.netty.noUnsafe: false
2022-08-23 23:49:35.080 [main][1919] DEBUG io.netty.util.internal.PlatformDependent0 - Java version: 11
2022-08-23 23:49:35.081 [main][1920] DEBUG io.netty.util.internal.PlatformDependent0 - sun.misc.Unsafe.theUnsafe: available
2022-08-23 23:49:35.081 [main][1920] DEBUG io.netty.util.internal.PlatformDependent0 - sun.misc.Unsafe.copyMemory: available
2022-08-23 23:49:35.081 [main][1920] DEBUG io.netty.util.internal.PlatformDependent0 - sun.misc.Unsafe.storeFence: available
2022-08-23 23:49:35.082 [main][1921] DEBUG io.netty.util.internal.PlatformDependent0 - java.nio.Buffer.address: available
2022-08-23 23:49:35.082 [main][1921] DEBUG io.netty.util.internal.PlatformDependent0 - direct buffer constructor: unavailable: Reflective setAccessible(true) disabled
2022-08-23 23:49:35.082 [main][1921] DEBUG io.netty.util.internal.PlatformDependent0 - java.nio.Bits.unaligned: available, true
2022-08-23 23:49:35.083 [main][1922] DEBUG io.netty.util.internal.PlatformDependent0 - jdk.internal.misc.Unsafe.allocateUninitializedArray(int): unavailable: class io.netty.util.internal.PlatformDependent0$7 cannot access class jdk.internal.misc.Unsafe (in module java.base) because module java.base does not export jdk.internal.misc to unnamed module @2a54a73f
2022-08-23 23:49:35.084 [main][1923] DEBUG io.netty.util.internal.PlatformDependent0 - java.nio.DirectByteBuffer.<init>(long, int): unavailable
2022-08-23 23:49:35.084 [main][1923] DEBUG io.netty.util.internal.PlatformDependent - sun.misc.Unsafe: available
2022-08-23 23:49:35.084 [main][1923] DEBUG io.netty.util.internal.PlatformDependent - maxDirectMemory: 4213178368 bytes (maybe)
2022-08-23 23:49:35.084 [main][1923] DEBUG io.netty.util.internal.PlatformDependent - -Dio.netty.tmpdir: C:\Users\morbe\AppData\Local\Temp (java.io.tmpdir)
2022-08-23 23:49:35.084 [main][1923] DEBUG io.netty.util.internal.PlatformDependent - -Dio.netty.bitMode: 64 (sun.arch.data.model)
2022-08-23 23:49:35.084 [main][1923] DEBUG io.netty.util.internal.PlatformDependent - Platform: Windows
2022-08-23 23:49:35.085 [main][1924] DEBUG io.netty.util.internal.PlatformDependent - -Dio.netty.maxDirectMemory: -1 bytes
2022-08-23 23:49:35.085 [main][1924] DEBUG io.netty.util.internal.PlatformDependent - -Dio.netty.uninitializedArrayAllocationThreshold: -1
2022-08-23 23:49:35.086 [main][1925] DEBUG io.netty.util.internal.CleanerJava9 - java.nio.ByteBuffer.cleaner(): available
2022-08-23 23:49:35.086 [main][1925] DEBUG io.netty.util.internal.PlatformDependent - -Dio.netty.noPreferDirect: false
2022-08-23 23:49:35.090 [main][1929] DEBUG io.netty.util.internal.PlatformDependent - org.jctools-core.MpscChunkedArrayQueue: available
2022-08-23 23:49:35.103 [main][1942] DEBUG io.netty.util.internal.InternalThreadLocalMap - -Dio.netty.threadLocalMap.stringBuilder.initialSize: 1024
2022-08-23 23:49:35.103 [main][1942] DEBUG io.netty.util.internal.InternalThreadLocalMap - -Dio.netty.threadLocalMap.stringBuilder.maxSize: 4096
2022-08-23 23:49:35.191 [main][2030] DEBUG io.netty.handler.ssl.JdkSslContext - Default protocols (JDK): [TLSv1.3, TLSv1.2] 
2022-08-23 23:49:35.191 [main][2030] DEBUG io.netty.handler.ssl.JdkSslContext - Default cipher suites (JDK): [TLS_ECDHE_ECDSA_WITH_AES_256_GCM_SHA384, TLS_ECDHE_ECDSA_WITH_AES_128_GCM_SHA256, TLS_ECDHE_RSA_WITH_AES_128_GCM_SHA256, TLS_ECDHE_RSA_WITH_AES_256_GCM_SHA384, TLS_ECDHE_RSA_WITH_AES_128_CBC_SHA, TLS_ECDHE_RSA_WITH_AES_256_CBC_SHA, TLS_RSA_WITH_AES_128_GCM_SHA256, TLS_RSA_WITH_AES_128_CBC_SHA, TLS_RSA_WITH_AES_256_CBC_SHA, TLS_AES_128_GCM_SHA256, TLS_AES_256_GCM_SHA384]
2022-08-23 23:49:35.205 [main][2044] DEBUG io.netty.channel.MultithreadEventLoopGroup - -Dio.netty.eventLoopThreads: 24
2022-08-23 23:49:35.212 [main][2051] DEBUG io.netty.channel.nio.NioEventLoop - -Dio.netty.noKeySetOptimization: false
2022-08-23 23:49:35.212 [main][2051] DEBUG io.netty.channel.nio.NioEventLoop - -Dio.netty.selectorAutoRebuildThreshold: 512
2022-08-23 23:49:35.246 [main][2085] DEBUG io.netty.buffer.PooledByteBufAllocator - -Dio.netty.allocator.numHeapArenas: 24
2022-08-23 23:49:35.246 [main][2085] DEBUG io.netty.buffer.PooledByteBufAllocator - -Dio.netty.allocator.numDirectArenas: 24
2022-08-23 23:49:35.246 [main][2085] DEBUG io.netty.buffer.PooledByteBufAllocator - -Dio.netty.allocator.pageSize: 8192
2022-08-23 23:49:35.246 [main][2085] DEBUG io.netty.buffer.PooledByteBufAllocator - -Dio.netty.allocator.maxOrder: 9
2022-08-23 23:49:35.246 [main][2085] DEBUG io.netty.buffer.PooledByteBufAllocator - -Dio.netty.allocator.chunkSize: 4194304
2022-08-23 23:49:35.246 [main][2085] DEBUG io.netty.buffer.PooledByteBufAllocator - -Dio.netty.allocator.smallCacheSize: 256
2022-08-23 23:49:35.246 [main][2085] DEBUG io.netty.buffer.PooledByteBufAllocator - -Dio.netty.allocator.normalCacheSize: 64
2022-08-23 23:49:35.246 [main][2085] DEBUG io.netty.buffer.PooledByteBufAllocator - -Dio.netty.allocator.maxCachedBufferCapacity: 32768
2022-08-23 23:49:35.246 [main][2085] DEBUG io.netty.buffer.PooledByteBufAllocator - -Dio.netty.allocator.cacheTrimInterval: 8192
2022-08-23 23:49:35.246 [main][2085] DEBUG io.netty.buffer.PooledByteBufAllocator - -Dio.netty.allocator.cacheTrimIntervalMillis: 0
2022-08-23 23:49:35.246 [main][2085] DEBUG io.netty.buffer.PooledByteBufAllocator - -Dio.netty.allocator.useCacheForAllThreads: false
2022-08-23 23:49:35.246 [main][2085] DEBUG io.netty.buffer.PooledByteBufAllocator - -Dio.netty.allocator.maxCachedByteBuffersPerChunk: 1023
2022-08-23 23:49:35.254 [main][2093] DEBUG io.netty.buffer.ByteBufUtil - -Dio.netty.allocator.type: pooled
2022-08-23 23:49:35.255 [main][2094] DEBUG io.netty.buffer.ByteBufUtil - -Dio.netty.threadLocalDirectBufferSize: 0
2022-08-23 23:49:35.255 [main][2094] DEBUG io.netty.buffer.ByteBufUtil - -Dio.netty.maxThreadLocalCharBufferSize: 16384
2022-08-23 23:49:35.447 [Forwarding newSession on session null to remote][2286] DEBUG io.netty.channel.DefaultChannelId - -Dio.netty.processId: 12772 (auto-detected)
2022-08-23 23:49:35.450 [Forwarding newSession on session null to remote][2289] DEBUG io.netty.util.NetUtil - -Djava.net.preferIPv4Stack: false
2022-08-23 23:49:35.450 [Forwarding newSession on session null to remote][2289] DEBUG io.netty.util.NetUtil - -Djava.net.preferIPv6Addresses: false
2022-08-23 23:49:35.579 [Forwarding newSession on session null to remote][2418] DEBUG io.netty.util.NetUtilInitializations - Loopback interface: lo (Software Loopback Interface 1, 127.0.0.1)
2022-08-23 23:49:35.580 [Forwarding newSession on session null to remote][2419] DEBUG io.netty.util.NetUtil - Failed to get SOMAXCONN from sysctl and file \proc\sys\net\core\somaxconn. Default: 200
2022-08-23 23:49:35.785 [Forwarding newSession on session null to remote][2624] DEBUG io.netty.channel.DefaultChannelId - -Dio.netty.machineId: f8:9e:94:ff:fe:e7:a6:4e (auto-detected)
2022-08-23 23:49:35.884 [AsyncHttpClient-1-2][2723] DEBUG io.netty.buffer.AbstractByteBuf - -Dio.netty.buffer.checkAccessible: true
2022-08-23 23:49:35.885 [AsyncHttpClient-1-2][2724] DEBUG io.netty.buffer.AbstractByteBuf - -Dio.netty.buffer.checkBounds: true
2022-08-23 23:49:35.885 [AsyncHttpClient-1-2][2724] DEBUG io.netty.util.ResourceLeakDetectorFactory - Loaded default ResourceLeakDetector: io.netty.util.ResourceLeakDetector@1a86e7b8
2022-08-23 23:49:35.947 [AsyncHttpClient-1-2][2786] DEBUG io.netty.util.Recycler - -Dio.netty.recycler.maxCapacityPerThread: 4096
2022-08-23 23:49:35.947 [AsyncHttpClient-1-2][2786] DEBUG io.netty.util.Recycler - -Dio.netty.recycler.ratio: 8
2022-08-23 23:49:35.948 [AsyncHttpClient-1-2][2787] DEBUG io.netty.util.Recycler - -Dio.netty.recycler.chunkSize: 32
2022-08-23 23:49:35.948 [AsyncHttpClient-1-2][2787] DEBUG io.netty.util.Recycler - -Dio.netty.recycler.blocking: false
2022-08-23 23:49:44.481 [AsyncHttpClient-1-2][11320] DEBUG io.netty.handler.codec.compression.Brotli - brotli4j not in the classpath; Brotli support will be unavailable.
2022-08-23 23:49:44.819 [main][11658] INFO  step_definitions.Hooks - -----End Scenario : Check login is successful with valid credentials------
2022-08-23 23:49:44.819 [main][11658] INFO  step_definitions.Hooks - -----Scenario : Check login is unsuccessful with invalid credentials------
2022-08-23 23:49:59.825 [main][26664] INFO  step_definitions.Hooks - -----End Scenario : Check login is unsuccessful with invalid credentials------
2022-08-23 23:49:59.825 [main][26664] INFO  step_definitions.Hooks - -----Scenario : Check login is successful with valid credentials for multiple users------
2022-08-23 23:50:14.813 [main][41652] INFO  step_definitions.Hooks - -----End Scenario : Check login is successful with valid credentials for multiple users------
2022-08-23 23:50:14.828 [main][41667] INFO  step_definitions.Hooks - -----Scenario : Check login is successful with valid credentials for multiple users------
2022-08-23 23:50:29.956 [main][56795] INFO  step_definitions.Hooks - -----End Scenario : Check login is successful with valid credentials for multiple users------
2022-08-23 23:50:29.972 [main][56811] INFO  step_definitions.Hooks - -----Scenario : Check login is successful with valid credentials for multiple users------
2022-08-23 23:50:44.809 [main][71648] INFO  step_definitions.Hooks - -----End Scenario : Check login is successful with valid credentials for multiple users------
2022-08-23 23:50:44.825 [main][71664] INFO  step_definitions.Hooks - -----Scenario : Check login is successful using data table------
2022-08-23 23:50:59.903 [main][86742] INFO  step_definitions.Hooks - -----End Scenario : Check login is successful using data table------
2022-08-23 23:50:59.912 [main][86751] INFO  step_definitions.Hooks - -----Scenario : Calculate Real APR rete------
2022-08-23 23:51:15.941 [main][102780] INFO  step_definitions.MortgageSteps -  Landed on the mortgage Calculator Home Page
2022-08-23 23:51:15.956 [main][102795] DEBUG page_objects.NavigationBar - Mouse Hover to the Rates Link 
2022-08-23 23:51:16.247 [main][103086] DEBUG page_objects.NavigationBar - Clicking on the Real APR Link
2022-08-23 23:51:17.063 [main][103902] INFO  step_definitions.MortgageSteps - Navigated to Real Apr Page
2022-08-23 23:51:17.067 [main][103906] DEBUG page_objects.RealApr - Typing Home Value : 200000
2022-08-23 23:51:17.468 [main][104307] DEBUG page_objects.RealApr - Typing Down Payment Value:15000
2022-08-23 23:51:17.894 [main][104733] DEBUG page_objects.RealApr - Typing Interest Rate Value:3
2022-08-23 23:51:18.273 [main][105112] DEBUG page_objects.RealApr - Click on the Calculate Button:
2022-08-23 23:51:19.713 [main][106552] INFO  step_definitions.MortgageSteps - Real APR Rate is calculated upon entering the data
2022-08-23 23:51:19.713 [main][106552] DEBUG page_objects.RealApr - Validate the Real Apr rate is: 3.139%
2022-08-23 23:51:19.862 [main][106701] INFO  step_definitions.MortgageSteps - Real APR Rate is Validate
2022-08-23 23:51:19.993 [main][106832] INFO  step_definitions.Hooks - -----End Scenario : Calculate Real APR rete------
