2022-08-24 00:00:51.113 [main][1372] INFO  step_definitions.Hooks - -----Scenario : Check login is successful with valid credentials------
2022-08-24 00:00:51.395 [main][1654] DEBUG io.netty.util.internal.logging.InternalLoggerFactory - Using Log4J2 as the default logging framework
2022-08-24 00:00:51.395 [main][1654] DEBUG io.netty.util.ResourceLeakDetector - -Dio.netty.leakDetection.level: simple
2022-08-24 00:00:51.395 [main][1654] DEBUG io.netty.util.ResourceLeakDetector - -Dio.netty.leakDetection.targetRecords: 4
2022-08-24 00:00:51.395 [main][1654] DEBUG io.netty.util.ResourceLeakDetectorFactory - Loaded default ResourceLeakDetector: io.netty.util.ResourceLeakDetector@50194e8d
2022-08-24 00:00:51.410 [main][1669] DEBUG io.netty.util.internal.PlatformDependent0 - -Dio.netty.noUnsafe: false
2022-08-24 00:00:51.410 [main][1669] DEBUG io.netty.util.internal.PlatformDependent0 - Java version: 11
2022-08-24 00:00:51.410 [main][1669] DEBUG io.netty.util.internal.PlatformDependent0 - sun.misc.Unsafe.theUnsafe: available
2022-08-24 00:00:51.410 [main][1669] DEBUG io.netty.util.internal.PlatformDependent0 - sun.misc.Unsafe.copyMemory: available
2022-08-24 00:00:51.410 [main][1669] DEBUG io.netty.util.internal.PlatformDependent0 - sun.misc.Unsafe.storeFence: available
2022-08-24 00:00:51.410 [main][1669] DEBUG io.netty.util.internal.PlatformDependent0 - java.nio.Buffer.address: available
2022-08-24 00:00:51.410 [main][1669] DEBUG io.netty.util.internal.PlatformDependent0 - direct buffer constructor: unavailable: Reflective setAccessible(true) disabled
2022-08-24 00:00:51.410 [main][1669] DEBUG io.netty.util.internal.PlatformDependent0 - java.nio.Bits.unaligned: available, true
2022-08-24 00:00:51.421 [main][1680] DEBUG io.netty.util.internal.PlatformDependent0 - jdk.internal.misc.Unsafe.allocateUninitializedArray(int): unavailable: class io.netty.util.internal.PlatformDependent0$7 cannot access class jdk.internal.misc.Unsafe (in module java.base) because module java.base does not export jdk.internal.misc to unnamed module @6121c9d6
2022-08-24 00:00:51.421 [main][1680] DEBUG io.netty.util.internal.PlatformDependent0 - java.nio.DirectByteBuffer.<init>(long, int): unavailable
2022-08-24 00:00:51.421 [main][1680] DEBUG io.netty.util.internal.PlatformDependent - sun.misc.Unsafe: available
2022-08-24 00:00:51.421 [main][1680] DEBUG io.netty.util.internal.PlatformDependent - maxDirectMemory: 4213178368 bytes (maybe)
2022-08-24 00:00:51.421 [main][1680] DEBUG io.netty.util.internal.PlatformDependent - -Dio.netty.tmpdir: C:\Users\morbe\AppData\Local\Temp (java.io.tmpdir)
2022-08-24 00:00:51.421 [main][1680] DEBUG io.netty.util.internal.PlatformDependent - -Dio.netty.bitMode: 64 (sun.arch.data.model)
2022-08-24 00:00:51.421 [main][1680] DEBUG io.netty.util.internal.PlatformDependent - Platform: Windows
2022-08-24 00:00:51.421 [main][1680] DEBUG io.netty.util.internal.PlatformDependent - -Dio.netty.maxDirectMemory: -1 bytes
2022-08-24 00:00:51.421 [main][1680] DEBUG io.netty.util.internal.PlatformDependent - -Dio.netty.uninitializedArrayAllocationThreshold: -1
2022-08-24 00:00:51.421 [main][1680] DEBUG io.netty.util.internal.CleanerJava9 - java.nio.ByteBuffer.cleaner(): available
2022-08-24 00:00:51.421 [main][1680] DEBUG io.netty.util.internal.PlatformDependent - -Dio.netty.noPreferDirect: false
2022-08-24 00:00:51.421 [main][1680] DEBUG io.netty.util.internal.PlatformDependent - org.jctools-core.MpscChunkedArrayQueue: available
2022-08-24 00:00:51.437 [main][1696] DEBUG io.netty.util.internal.InternalThreadLocalMap - -Dio.netty.threadLocalMap.stringBuilder.initialSize: 1024
2022-08-24 00:00:51.437 [main][1696] DEBUG io.netty.util.internal.InternalThreadLocalMap - -Dio.netty.threadLocalMap.stringBuilder.maxSize: 4096
2022-08-24 00:00:51.453 [main][1712] DEBUG io.netty.handler.ssl.JdkSslContext - Default protocols (JDK): [TLSv1.3, TLSv1.2] 
2022-08-24 00:00:51.453 [main][1712] DEBUG io.netty.handler.ssl.JdkSslContext - Default cipher suites (JDK): [TLS_ECDHE_ECDSA_WITH_AES_256_GCM_SHA384, TLS_ECDHE_ECDSA_WITH_AES_128_GCM_SHA256, TLS_ECDHE_RSA_WITH_AES_128_GCM_SHA256, TLS_ECDHE_RSA_WITH_AES_256_GCM_SHA384, TLS_ECDHE_RSA_WITH_AES_128_CBC_SHA, TLS_ECDHE_RSA_WITH_AES_256_CBC_SHA, TLS_RSA_WITH_AES_128_GCM_SHA256, TLS_RSA_WITH_AES_128_CBC_SHA, TLS_RSA_WITH_AES_256_CBC_SHA, TLS_AES_128_GCM_SHA256, TLS_AES_256_GCM_SHA384]
2022-08-24 00:00:51.468 [main][1727] DEBUG io.netty.channel.MultithreadEventLoopGroup - -Dio.netty.eventLoopThreads: 24
2022-08-24 00:00:51.468 [main][1727] DEBUG io.netty.channel.nio.NioEventLoop - -Dio.netty.noKeySetOptimization: false
2022-08-24 00:00:51.468 [main][1727] DEBUG io.netty.channel.nio.NioEventLoop - -Dio.netty.selectorAutoRebuildThreshold: 512
2022-08-24 00:00:51.499 [main][1758] DEBUG io.netty.buffer.PooledByteBufAllocator - -Dio.netty.allocator.numHeapArenas: 24
2022-08-24 00:00:51.499 [main][1758] DEBUG io.netty.buffer.PooledByteBufAllocator - -Dio.netty.allocator.numDirectArenas: 24
2022-08-24 00:00:51.499 [main][1758] DEBUG io.netty.buffer.PooledByteBufAllocator - -Dio.netty.allocator.pageSize: 8192
2022-08-24 00:00:51.499 [main][1758] DEBUG io.netty.buffer.PooledByteBufAllocator - -Dio.netty.allocator.maxOrder: 9
2022-08-24 00:00:51.499 [main][1758] DEBUG io.netty.buffer.PooledByteBufAllocator - -Dio.netty.allocator.chunkSize: 4194304
2022-08-24 00:00:51.499 [main][1758] DEBUG io.netty.buffer.PooledByteBufAllocator - -Dio.netty.allocator.smallCacheSize: 256
2022-08-24 00:00:51.499 [main][1758] DEBUG io.netty.buffer.PooledByteBufAllocator - -Dio.netty.allocator.normalCacheSize: 64
2022-08-24 00:00:51.499 [main][1758] DEBUG io.netty.buffer.PooledByteBufAllocator - -Dio.netty.allocator.maxCachedBufferCapacity: 32768
2022-08-24 00:00:51.499 [main][1758] DEBUG io.netty.buffer.PooledByteBufAllocator - -Dio.netty.allocator.cacheTrimInterval: 8192
2022-08-24 00:00:51.499 [main][1758] DEBUG io.netty.buffer.PooledByteBufAllocator - -Dio.netty.allocator.cacheTrimIntervalMillis: 0
2022-08-24 00:00:51.499 [main][1758] DEBUG io.netty.buffer.PooledByteBufAllocator - -Dio.netty.allocator.useCacheForAllThreads: false
2022-08-24 00:00:51.499 [main][1758] DEBUG io.netty.buffer.PooledByteBufAllocator - -Dio.netty.allocator.maxCachedByteBuffersPerChunk: 1023
2022-08-24 00:00:51.499 [main][1758] DEBUG io.netty.buffer.ByteBufUtil - -Dio.netty.allocator.type: pooled
2022-08-24 00:00:51.499 [main][1758] DEBUG io.netty.buffer.ByteBufUtil - -Dio.netty.threadLocalDirectBufferSize: 0
2022-08-24 00:00:51.499 [main][1758] DEBUG io.netty.buffer.ByteBufUtil - -Dio.netty.maxThreadLocalCharBufferSize: 16384
2022-08-24 00:00:52.161 [Forwarding newSession on session null to remote][2420] DEBUG io.netty.channel.DefaultChannelId - -Dio.netty.processId: 19608 (auto-detected)
2022-08-24 00:00:52.161 [Forwarding newSession on session null to remote][2420] DEBUG io.netty.util.NetUtil - -Djava.net.preferIPv4Stack: false
2022-08-24 00:00:52.161 [Forwarding newSession on session null to remote][2420] DEBUG io.netty.util.NetUtil - -Djava.net.preferIPv6Addresses: false
2022-08-24 00:00:52.228 [Forwarding newSession on session null to remote][2487] DEBUG io.netty.util.NetUtilInitializations - Loopback interface: lo (Software Loopback Interface 1, 127.0.0.1)
2022-08-24 00:00:52.229 [Forwarding newSession on session null to remote][2488] DEBUG io.netty.util.NetUtil - Failed to get SOMAXCONN from sysctl and file \proc\sys\net\core\somaxconn. Default: 200
2022-08-24 00:00:52.295 [Forwarding newSession on session null to remote][2554] DEBUG io.netty.channel.DefaultChannelId - -Dio.netty.machineId: f8:9e:94:ff:fe:e7:a6:4e (auto-detected)
2022-08-24 00:00:52.326 [AsyncHttpClient-1-2][2585] DEBUG io.netty.buffer.AbstractByteBuf - -Dio.netty.buffer.checkAccessible: true
2022-08-24 00:00:52.326 [AsyncHttpClient-1-2][2585] DEBUG io.netty.buffer.AbstractByteBuf - -Dio.netty.buffer.checkBounds: true
2022-08-24 00:00:52.326 [AsyncHttpClient-1-2][2585] DEBUG io.netty.util.ResourceLeakDetectorFactory - Loaded default ResourceLeakDetector: io.netty.util.ResourceLeakDetector@3c8fd010
2022-08-24 00:00:52.357 [AsyncHttpClient-1-2][2616] DEBUG io.netty.util.Recycler - -Dio.netty.recycler.maxCapacityPerThread: 4096
2022-08-24 00:00:52.357 [AsyncHttpClient-1-2][2616] DEBUG io.netty.util.Recycler - -Dio.netty.recycler.ratio: 8
2022-08-24 00:00:52.357 [AsyncHttpClient-1-2][2616] DEBUG io.netty.util.Recycler - -Dio.netty.recycler.chunkSize: 32
2022-08-24 00:00:52.357 [AsyncHttpClient-1-2][2616] DEBUG io.netty.util.Recycler - -Dio.netty.recycler.blocking: false
2022-08-24 00:00:52.886 [AsyncHttpClient-1-2][3145] DEBUG io.netty.handler.codec.compression.Brotli - brotli4j not in the classpath; Brotli support will be unavailable.
2022-08-24 00:00:53.025 [main][3284] DEBUG io.netty.util.internal.ThreadLocalRandom - -Dio.netty.initialSeedUniquifier: 0xf22bb256e444c989
2022-08-24 00:00:53.715 [main][3974] INFO  step_definitions.Hooks - -----End Scenario : Check login is successful with valid credentials------
