2022-08-23 04:44:08.553 [main][2259] INFO  step_definitions.Hooks - -----Scenario : Check login is successful with valid credentials------
2022-08-23 04:44:08.836 [main][2542] DEBUG io.netty.util.internal.logging.InternalLoggerFactory - Using Log4J2 as the default logging framework
2022-08-23 04:44:08.836 [main][2542] DEBUG io.netty.util.ResourceLeakDetector - -Dio.netty.leakDetection.level: simple
2022-08-23 04:44:08.836 [main][2542] DEBUG io.netty.util.ResourceLeakDetector - -Dio.netty.leakDetection.targetRecords: 4
2022-08-23 04:44:08.851 [main][2557] DEBUG io.netty.util.ResourceLeakDetectorFactory - Loaded default ResourceLeakDetector: io.netty.util.ResourceLeakDetector@6240651f
2022-08-23 04:44:08.851 [main][2557] DEBUG io.netty.util.internal.PlatformDependent0 - -Dio.netty.noUnsafe: false
2022-08-23 04:44:08.851 [main][2557] DEBUG io.netty.util.internal.PlatformDependent0 - Java version: 11
2022-08-23 04:44:08.851 [main][2557] DEBUG io.netty.util.internal.PlatformDependent0 - sun.misc.Unsafe.theUnsafe: available
2022-08-23 04:44:08.851 [main][2557] DEBUG io.netty.util.internal.PlatformDependent0 - sun.misc.Unsafe.copyMemory: available
2022-08-23 04:44:08.851 [main][2557] DEBUG io.netty.util.internal.PlatformDependent0 - sun.misc.Unsafe.storeFence: available
2022-08-23 04:44:08.851 [main][2557] DEBUG io.netty.util.internal.PlatformDependent0 - java.nio.Buffer.address: available
2022-08-23 04:44:08.851 [main][2557] DEBUG io.netty.util.internal.PlatformDependent0 - direct buffer constructor: unavailable: Reflective setAccessible(true) disabled
2022-08-23 04:44:08.851 [main][2557] DEBUG io.netty.util.internal.PlatformDependent0 - java.nio.Bits.unaligned: available, true
2022-08-23 04:44:08.851 [main][2557] DEBUG io.netty.util.internal.PlatformDependent0 - jdk.internal.misc.Unsafe.allocateUninitializedArray(int): unavailable: class io.netty.util.internal.PlatformDependent0$7 cannot access class jdk.internal.misc.Unsafe (in module java.base) because module java.base does not export jdk.internal.misc to unnamed module @2a54a73f
2022-08-23 04:44:08.851 [main][2557] DEBUG io.netty.util.internal.PlatformDependent0 - java.nio.DirectByteBuffer.<init>(long, int): unavailable
2022-08-23 04:44:08.851 [main][2557] DEBUG io.netty.util.internal.PlatformDependent - sun.misc.Unsafe: available
2022-08-23 04:44:08.851 [main][2557] DEBUG io.netty.util.internal.PlatformDependent - maxDirectMemory: 4213178368 bytes (maybe)
2022-08-23 04:44:08.851 [main][2557] DEBUG io.netty.util.internal.PlatformDependent - -Dio.netty.tmpdir: C:\Users\morbe\AppData\Local\Temp (java.io.tmpdir)
2022-08-23 04:44:08.851 [main][2557] DEBUG io.netty.util.internal.PlatformDependent - -Dio.netty.bitMode: 64 (sun.arch.data.model)
2022-08-23 04:44:08.851 [main][2557] DEBUG io.netty.util.internal.PlatformDependent - Platform: Windows
2022-08-23 04:44:08.851 [main][2557] DEBUG io.netty.util.internal.PlatformDependent - -Dio.netty.maxDirectMemory: -1 bytes
2022-08-23 04:44:08.851 [main][2557] DEBUG io.netty.util.internal.PlatformDependent - -Dio.netty.uninitializedArrayAllocationThreshold: -1
2022-08-23 04:44:08.851 [main][2557] DEBUG io.netty.util.internal.CleanerJava9 - java.nio.ByteBuffer.cleaner(): available
2022-08-23 04:44:08.851 [main][2557] DEBUG io.netty.util.internal.PlatformDependent - -Dio.netty.noPreferDirect: false
2022-08-23 04:44:08.867 [main][2573] DEBUG io.netty.util.internal.PlatformDependent - org.jctools-core.MpscChunkedArrayQueue: available
2022-08-23 04:44:08.867 [main][2573] DEBUG io.netty.util.internal.InternalThreadLocalMap - -Dio.netty.threadLocalMap.stringBuilder.initialSize: 1024
2022-08-23 04:44:08.867 [main][2573] DEBUG io.netty.util.internal.InternalThreadLocalMap - -Dio.netty.threadLocalMap.stringBuilder.maxSize: 4096
2022-08-23 04:44:08.883 [main][2589] DEBUG io.netty.handler.ssl.JdkSslContext - Default protocols (JDK): [TLSv1.3, TLSv1.2] 
2022-08-23 04:44:08.883 [main][2589] DEBUG io.netty.handler.ssl.JdkSslContext - Default cipher suites (JDK): [TLS_ECDHE_ECDSA_WITH_AES_256_GCM_SHA384, TLS_ECDHE_ECDSA_WITH_AES_128_GCM_SHA256, TLS_ECDHE_RSA_WITH_AES_128_GCM_SHA256, TLS_ECDHE_RSA_WITH_AES_256_GCM_SHA384, TLS_ECDHE_RSA_WITH_AES_128_CBC_SHA, TLS_ECDHE_RSA_WITH_AES_256_CBC_SHA, TLS_RSA_WITH_AES_128_GCM_SHA256, TLS_RSA_WITH_AES_128_CBC_SHA, TLS_RSA_WITH_AES_256_CBC_SHA, TLS_AES_128_GCM_SHA256, TLS_AES_256_GCM_SHA384]
2022-08-23 04:44:08.898 [main][2604] DEBUG io.netty.channel.MultithreadEventLoopGroup - -Dio.netty.eventLoopThreads: 24
2022-08-23 04:44:08.898 [main][2604] DEBUG io.netty.channel.nio.NioEventLoop - -Dio.netty.noKeySetOptimization: false
2022-08-23 04:44:08.898 [main][2604] DEBUG io.netty.channel.nio.NioEventLoop - -Dio.netty.selectorAutoRebuildThreshold: 512
2022-08-23 04:44:08.929 [main][2635] DEBUG io.netty.buffer.PooledByteBufAllocator - -Dio.netty.allocator.numHeapArenas: 24
2022-08-23 04:44:08.929 [main][2635] DEBUG io.netty.buffer.PooledByteBufAllocator - -Dio.netty.allocator.numDirectArenas: 24
2022-08-23 04:44:08.929 [main][2635] DEBUG io.netty.buffer.PooledByteBufAllocator - -Dio.netty.allocator.pageSize: 8192
2022-08-23 04:44:08.929 [main][2635] DEBUG io.netty.buffer.PooledByteBufAllocator - -Dio.netty.allocator.maxOrder: 9
2022-08-23 04:44:08.929 [main][2635] DEBUG io.netty.buffer.PooledByteBufAllocator - -Dio.netty.allocator.chunkSize: 4194304
2022-08-23 04:44:08.929 [main][2635] DEBUG io.netty.buffer.PooledByteBufAllocator - -Dio.netty.allocator.smallCacheSize: 256
2022-08-23 04:44:08.929 [main][2635] DEBUG io.netty.buffer.PooledByteBufAllocator - -Dio.netty.allocator.normalCacheSize: 64
2022-08-23 04:44:08.929 [main][2635] DEBUG io.netty.buffer.PooledByteBufAllocator - -Dio.netty.allocator.maxCachedBufferCapacity: 32768
2022-08-23 04:44:08.929 [main][2635] DEBUG io.netty.buffer.PooledByteBufAllocator - -Dio.netty.allocator.cacheTrimInterval: 8192
2022-08-23 04:44:08.929 [main][2635] DEBUG io.netty.buffer.PooledByteBufAllocator - -Dio.netty.allocator.cacheTrimIntervalMillis: 0
2022-08-23 04:44:08.929 [main][2635] DEBUG io.netty.buffer.PooledByteBufAllocator - -Dio.netty.allocator.useCacheForAllThreads: false
2022-08-23 04:44:08.929 [main][2635] DEBUG io.netty.buffer.PooledByteBufAllocator - -Dio.netty.allocator.maxCachedByteBuffersPerChunk: 1023
2022-08-23 04:44:08.929 [main][2635] DEBUG io.netty.buffer.ByteBufUtil - -Dio.netty.allocator.type: pooled
2022-08-23 04:44:08.929 [main][2635] DEBUG io.netty.buffer.ByteBufUtil - -Dio.netty.threadLocalDirectBufferSize: 0
2022-08-23 04:44:08.929 [main][2635] DEBUG io.netty.buffer.ByteBufUtil - -Dio.netty.maxThreadLocalCharBufferSize: 16384
2022-08-23 04:44:09.620 [Forwarding newSession on session null to remote][3326] DEBUG io.netty.channel.DefaultChannelId - -Dio.netty.processId: 17044 (auto-detected)
2022-08-23 04:44:09.621 [Forwarding newSession on session null to remote][3327] DEBUG io.netty.util.NetUtil - -Djava.net.preferIPv4Stack: false
2022-08-23 04:44:09.621 [Forwarding newSession on session null to remote][3327] DEBUG io.netty.util.NetUtil - -Djava.net.preferIPv6Addresses: false
2022-08-23 04:44:09.706 [Forwarding newSession on session null to remote][3412] DEBUG io.netty.util.NetUtilInitializations - Loopback interface: lo (Software Loopback Interface 1, 127.0.0.1)
2022-08-23 04:44:09.707 [Forwarding newSession on session null to remote][3413] DEBUG io.netty.util.NetUtil - Failed to get SOMAXCONN from sysctl and file \proc\sys\net\core\somaxconn. Default: 200
2022-08-23 04:44:09.798 [Forwarding newSession on session null to remote][3504] DEBUG io.netty.channel.DefaultChannelId - -Dio.netty.machineId: f8:9e:94:ff:fe:e7:a6:4e (auto-detected)
2022-08-23 04:44:09.832 [AsyncHttpClient-1-2][3538] DEBUG io.netty.buffer.AbstractByteBuf - -Dio.netty.buffer.checkAccessible: true
2022-08-23 04:44:09.833 [AsyncHttpClient-1-2][3539] DEBUG io.netty.buffer.AbstractByteBuf - -Dio.netty.buffer.checkBounds: true
2022-08-23 04:44:09.833 [AsyncHttpClient-1-2][3539] DEBUG io.netty.util.ResourceLeakDetectorFactory - Loaded default ResourceLeakDetector: io.netty.util.ResourceLeakDetector@6ed691e7
2022-08-23 04:44:09.848 [AsyncHttpClient-1-2][3554] DEBUG io.netty.util.Recycler - -Dio.netty.recycler.maxCapacityPerThread: 4096
2022-08-23 04:44:09.848 [AsyncHttpClient-1-2][3554] DEBUG io.netty.util.Recycler - -Dio.netty.recycler.ratio: 8
2022-08-23 04:44:09.848 [AsyncHttpClient-1-2][3554] DEBUG io.netty.util.Recycler - -Dio.netty.recycler.chunkSize: 32
2022-08-23 04:44:09.848 [AsyncHttpClient-1-2][3554] DEBUG io.netty.util.Recycler - -Dio.netty.recycler.blocking: false
2022-08-23 04:44:10.397 [AsyncHttpClient-1-2][4103] DEBUG io.netty.handler.codec.compression.Brotli - brotli4j not in the classpath; Brotli support will be unavailable.
2022-08-23 04:44:10.524 [main][4230] DEBUG io.netty.util.internal.ThreadLocalRandom - -Dio.netty.initialSeedUniquifier: 0x4f9133fb3fe45d3b
2022-08-23 04:44:11.431 [main][5137] INFO  step_definitions.LoginSteps - User is in the Login Page
2022-08-23 04:44:11.623 [main][5329] INFO  step_definitions.LoginSteps - User has entered credentials
2022-08-23 04:44:11.667 [main][5373] INFO  step_definitions.LoginSteps - User Clicked on the Login Button
2022-08-23 04:44:11.702 [main][5408] INFO  step_definitions.LoginSteps - User is in the home Page
2022-08-23 04:44:12.370 [main][6076] INFO  step_definitions.Hooks - -----End Scenario : Check login is successful with valid credentials------
2022-08-23 04:44:12.377 [main][6083] INFO  step_definitions.Hooks - -----Scenario : Check login is unsuccessful with invalid credentials------
2022-08-23 04:44:14.801 [main][8507] INFO  step_definitions.LoginSteps - User is in the Login Page
2022-08-23 04:44:14.974 [main][8680] INFO  step_definitions.LoginSteps - User has entered credentials
2022-08-23 04:44:15.022 [main][8728] INFO  step_definitions.LoginSteps - User Clicked on the Login Button
2022-08-23 04:44:15.052 [main][8758] INFO  step_definitions.LoginSteps - User is still on the login Page
2022-08-23 04:44:15.740 [main][9446] INFO  step_definitions.Hooks - -----End Scenario : Check login is unsuccessful with invalid credentials------
2022-08-23 04:44:15.745 [main][9451] INFO  step_definitions.Hooks - -----Scenario : Check login is successful with valid credentials for multiple users------
2022-08-23 04:44:18.104 [main][11810] INFO  step_definitions.LoginSteps - User is in the Login Page
2022-08-23 04:44:18.289 [main][11995] INFO  step_definitions.LoginSteps - User has entered credentials
2022-08-23 04:44:18.333 [main][12039] INFO  step_definitions.LoginSteps - User Clicked on the Login Button
2022-08-23 04:44:18.359 [main][12065] INFO  step_definitions.LoginSteps - User is in the home Page
2022-08-23 04:44:19.030 [main][12736] INFO  step_definitions.Hooks - -----End Scenario : Check login is successful with valid credentials for multiple users------
2022-08-23 04:44:19.035 [main][12741] INFO  step_definitions.Hooks - -----Scenario : Check login is successful with valid credentials for multiple users------
2022-08-23 04:44:21.386 [main][15092] INFO  step_definitions.LoginSteps - User is in the Login Page
2022-08-23 04:44:21.560 [main][15266] INFO  step_definitions.LoginSteps - User has entered credentials
2022-08-23 04:44:21.604 [main][15310] INFO  step_definitions.LoginSteps - User Clicked on the Login Button
2022-08-23 04:44:21.631 [main][15337] INFO  step_definitions.LoginSteps - User is in the home Page
2022-08-23 04:44:22.305 [main][16011] INFO  step_definitions.Hooks - -----End Scenario : Check login is successful with valid credentials for multiple users------
2022-08-23 04:44:22.314 [main][16020] INFO  step_definitions.Hooks - -----Scenario : Check login is successful with valid credentials for multiple users------
2022-08-23 04:44:24.559 [main][18265] INFO  step_definitions.LoginSteps - User is in the Login Page
2022-08-23 04:44:24.735 [main][18441] INFO  step_definitions.LoginSteps - User has entered credentials
2022-08-23 04:44:24.783 [main][18489] INFO  step_definitions.LoginSteps - User Clicked on the Login Button
2022-08-23 04:44:24.809 [main][18515] INFO  step_definitions.LoginSteps - User is in the home Page
2022-08-23 04:44:25.488 [main][19194] INFO  step_definitions.Hooks - -----End Scenario : Check login is successful with valid credentials for multiple users------
2022-08-23 04:44:25.497 [main][19203] INFO  step_definitions.Hooks - -----Scenario : Check login is successful using data table------
2022-08-23 04:44:28.159 [main][21865] INFO  step_definitions.LoginSteps - User is in the Login Page
2022-08-23 04:44:28.345 [main][22051] INFO  step_definitions.LoginSteps - User has entered credentials
2022-08-23 04:44:28.388 [main][22094] INFO  step_definitions.LoginSteps - User clicked on login button
2022-08-23 04:44:28.419 [main][22125] INFO  step_definitions.LoginSteps - User is in the home Page
2022-08-23 04:44:29.111 [main][22817] INFO  step_definitions.Hooks - -----End Scenario : Check login is successful using data table------
2022-08-23 04:44:29.125 [main][22831] INFO  step_definitions.Hooks - -----Scenario : Calculate Real APR rete------
2022-08-23 04:44:32.220 [main][25926] INFO  step_definitions.MortgageSteps -  Landed on the mortgage Calculator Home Page
2022-08-23 04:44:32.224 [main][25930] DEBUG page_objects.NavigationBar - Mouse Hover to the Rates Link 
2022-08-23 04:44:32.377 [main][26083] DEBUG page_objects.NavigationBar - Clicking on the Real APR Link
2022-08-23 04:44:34.029 [main][27735] INFO  step_definitions.MortgageSteps - Navigated to Real Apr Page
2022-08-23 04:44:34.030 [main][27736] DEBUG page_objects.RealApr - Typing Home Value : 200000
2022-08-23 04:44:34.118 [main][27824] DEBUG page_objects.RealApr - Typing Down Payment Value:15000
2022-08-23 04:44:34.218 [main][27924] DEBUG page_objects.RealApr - Typing Interest Rate Value:3
2022-08-23 04:44:34.312 [main][28018] DEBUG page_objects.RealApr - Click on the Calculate Button:
2022-08-23 04:44:35.475 [main][29181] INFO  step_definitions.MortgageSteps - Real APR Rate is calculated upon entering the data
2022-08-23 04:44:35.477 [main][29183] DEBUG page_objects.RealApr - Validate the Real Apr rate is: 3.139%
2022-08-23 04:44:35.504 [main][29210] INFO  step_definitions.MortgageSteps - Real APR Rate is Validate
2022-08-23 04:44:36.212 [main][29918] INFO  step_definitions.Hooks - -----End Scenario : Calculate Real APR rete------
