2022-08-23 23:35:32.252 [main][1874] INFO  step_definitions.Hooks - -----Scenario : Check login is successful with valid credentials------
2022-08-23 23:35:32.362 [main][1984] DEBUG io.netty.util.internal.logging.InternalLoggerFactory - Using Log4J2 as the default logging framework
2022-08-23 23:35:32.362 [main][1984] DEBUG io.netty.util.ResourceLeakDetector - -Dio.netty.leakDetection.level: simple
2022-08-23 23:35:32.362 [main][1984] DEBUG io.netty.util.ResourceLeakDetector - -Dio.netty.leakDetection.targetRecords: 4
2022-08-23 23:35:32.362 [main][1984] DEBUG io.netty.util.ResourceLeakDetectorFactory - Loaded default ResourceLeakDetector: io.netty.util.ResourceLeakDetector@4c0884e8
2022-08-23 23:35:32.377 [main][1999] DEBUG io.netty.util.internal.PlatformDependent0 - -Dio.netty.noUnsafe: false
2022-08-23 23:35:32.377 [main][1999] DEBUG io.netty.util.internal.PlatformDependent0 - Java version: 11
2022-08-23 23:35:32.377 [main][1999] DEBUG io.netty.util.internal.PlatformDependent0 - sun.misc.Unsafe.theUnsafe: available
2022-08-23 23:35:32.377 [main][1999] DEBUG io.netty.util.internal.PlatformDependent0 - sun.misc.Unsafe.copyMemory: available
2022-08-23 23:35:32.377 [main][1999] DEBUG io.netty.util.internal.PlatformDependent0 - sun.misc.Unsafe.storeFence: available
2022-08-23 23:35:32.377 [main][1999] DEBUG io.netty.util.internal.PlatformDependent0 - java.nio.Buffer.address: available
2022-08-23 23:35:32.377 [main][1999] DEBUG io.netty.util.internal.PlatformDependent0 - direct buffer constructor: unavailable: Reflective setAccessible(true) disabled
2022-08-23 23:35:32.377 [main][1999] DEBUG io.netty.util.internal.PlatformDependent0 - java.nio.Bits.unaligned: available, true
2022-08-23 23:35:32.377 [main][1999] DEBUG io.netty.util.internal.PlatformDependent0 - jdk.internal.misc.Unsafe.allocateUninitializedArray(int): unavailable: class io.netty.util.internal.PlatformDependent0$7 cannot access class jdk.internal.misc.Unsafe (in module java.base) because module java.base does not export jdk.internal.misc to unnamed module @2a54a73f
2022-08-23 23:35:32.377 [main][1999] DEBUG io.netty.util.internal.PlatformDependent0 - java.nio.DirectByteBuffer.<init>(long, int): unavailable
2022-08-23 23:35:32.377 [main][1999] DEBUG io.netty.util.internal.PlatformDependent - sun.misc.Unsafe: available
2022-08-23 23:35:32.377 [main][1999] DEBUG io.netty.util.internal.PlatformDependent - maxDirectMemory: 4213178368 bytes (maybe)
2022-08-23 23:35:32.377 [main][1999] DEBUG io.netty.util.internal.PlatformDependent - -Dio.netty.tmpdir: C:\Users\morbe\AppData\Local\Temp (java.io.tmpdir)
2022-08-23 23:35:32.377 [main][1999] DEBUG io.netty.util.internal.PlatformDependent - -Dio.netty.bitMode: 64 (sun.arch.data.model)
2022-08-23 23:35:32.377 [main][1999] DEBUG io.netty.util.internal.PlatformDependent - Platform: Windows
2022-08-23 23:35:32.377 [main][1999] DEBUG io.netty.util.internal.PlatformDependent - -Dio.netty.maxDirectMemory: -1 bytes
2022-08-23 23:35:32.377 [main][1999] DEBUG io.netty.util.internal.PlatformDependent - -Dio.netty.uninitializedArrayAllocationThreshold: -1
2022-08-23 23:35:32.377 [main][1999] DEBUG io.netty.util.internal.CleanerJava9 - java.nio.ByteBuffer.cleaner(): available
2022-08-23 23:35:32.377 [main][1999] DEBUG io.netty.util.internal.PlatformDependent - -Dio.netty.noPreferDirect: false
2022-08-23 23:35:32.377 [main][1999] DEBUG io.netty.util.internal.PlatformDependent - org.jctools-core.MpscChunkedArrayQueue: available
2022-08-23 23:35:32.393 [main][2015] DEBUG io.netty.util.internal.InternalThreadLocalMap - -Dio.netty.threadLocalMap.stringBuilder.initialSize: 1024
2022-08-23 23:35:32.393 [main][2015] DEBUG io.netty.util.internal.InternalThreadLocalMap - -Dio.netty.threadLocalMap.stringBuilder.maxSize: 4096
2022-08-23 23:35:32.532 [main][2154] DEBUG io.netty.handler.ssl.JdkSslContext - Default protocols (JDK): [TLSv1.3, TLSv1.2] 
2022-08-23 23:35:32.532 [main][2154] DEBUG io.netty.handler.ssl.JdkSslContext - Default cipher suites (JDK): [TLS_ECDHE_ECDSA_WITH_AES_256_GCM_SHA384, TLS_ECDHE_ECDSA_WITH_AES_128_GCM_SHA256, TLS_ECDHE_RSA_WITH_AES_128_GCM_SHA256, TLS_ECDHE_RSA_WITH_AES_256_GCM_SHA384, TLS_ECDHE_RSA_WITH_AES_128_CBC_SHA, TLS_ECDHE_RSA_WITH_AES_256_CBC_SHA, TLS_RSA_WITH_AES_128_GCM_SHA256, TLS_RSA_WITH_AES_128_CBC_SHA, TLS_RSA_WITH_AES_256_CBC_SHA, TLS_AES_128_GCM_SHA256, TLS_AES_256_GCM_SHA384]
2022-08-23 23:35:32.548 [main][2170] DEBUG io.netty.channel.MultithreadEventLoopGroup - -Dio.netty.eventLoopThreads: 24
2022-08-23 23:35:32.564 [main][2186] DEBUG io.netty.channel.nio.NioEventLoop - -Dio.netty.noKeySetOptimization: false
2022-08-23 23:35:32.564 [main][2186] DEBUG io.netty.channel.nio.NioEventLoop - -Dio.netty.selectorAutoRebuildThreshold: 512
2022-08-23 23:35:32.579 [main][2201] DEBUG io.netty.buffer.PooledByteBufAllocator - -Dio.netty.allocator.numHeapArenas: 24
2022-08-23 23:35:32.579 [main][2201] DEBUG io.netty.buffer.PooledByteBufAllocator - -Dio.netty.allocator.numDirectArenas: 24
2022-08-23 23:35:32.579 [main][2201] DEBUG io.netty.buffer.PooledByteBufAllocator - -Dio.netty.allocator.pageSize: 8192
2022-08-23 23:35:32.579 [main][2201] DEBUG io.netty.buffer.PooledByteBufAllocator - -Dio.netty.allocator.maxOrder: 9
2022-08-23 23:35:32.579 [main][2201] DEBUG io.netty.buffer.PooledByteBufAllocator - -Dio.netty.allocator.chunkSize: 4194304
2022-08-23 23:35:32.579 [main][2201] DEBUG io.netty.buffer.PooledByteBufAllocator - -Dio.netty.allocator.smallCacheSize: 256
2022-08-23 23:35:32.579 [main][2201] DEBUG io.netty.buffer.PooledByteBufAllocator - -Dio.netty.allocator.normalCacheSize: 64
2022-08-23 23:35:32.579 [main][2201] DEBUG io.netty.buffer.PooledByteBufAllocator - -Dio.netty.allocator.maxCachedBufferCapacity: 32768
2022-08-23 23:35:32.579 [main][2201] DEBUG io.netty.buffer.PooledByteBufAllocator - -Dio.netty.allocator.cacheTrimInterval: 8192
2022-08-23 23:35:32.579 [main][2201] DEBUG io.netty.buffer.PooledByteBufAllocator - -Dio.netty.allocator.cacheTrimIntervalMillis: 0
2022-08-23 23:35:32.579 [main][2201] DEBUG io.netty.buffer.PooledByteBufAllocator - -Dio.netty.allocator.useCacheForAllThreads: false
2022-08-23 23:35:32.579 [main][2201] DEBUG io.netty.buffer.PooledByteBufAllocator - -Dio.netty.allocator.maxCachedByteBuffersPerChunk: 1023
2022-08-23 23:35:32.595 [main][2217] DEBUG io.netty.buffer.ByteBufUtil - -Dio.netty.allocator.type: pooled
2022-08-23 23:35:32.595 [main][2217] DEBUG io.netty.buffer.ByteBufUtil - -Dio.netty.threadLocalDirectBufferSize: 0
2022-08-23 23:35:32.595 [main][2217] DEBUG io.netty.buffer.ByteBufUtil - -Dio.netty.maxThreadLocalCharBufferSize: 16384
2022-08-23 23:35:32.737 [Forwarding newSession on session null to remote][2359] DEBUG io.netty.channel.DefaultChannelId - -Dio.netty.processId: 1480 (auto-detected)
2022-08-23 23:35:32.737 [Forwarding newSession on session null to remote][2359] DEBUG io.netty.util.NetUtil - -Djava.net.preferIPv4Stack: false
2022-08-23 23:35:32.737 [Forwarding newSession on session null to remote][2359] DEBUG io.netty.util.NetUtil - -Djava.net.preferIPv6Addresses: false
2022-08-23 23:35:32.875 [Forwarding newSession on session null to remote][2497] DEBUG io.netty.util.NetUtilInitializations - Loopback interface: lo (Software Loopback Interface 1, 127.0.0.1)
2022-08-23 23:35:32.875 [Forwarding newSession on session null to remote][2497] DEBUG io.netty.util.NetUtil - Failed to get SOMAXCONN from sysctl and file \proc\sys\net\core\somaxconn. Default: 200
2022-08-23 23:35:32.996 [Forwarding newSession on session null to remote][2618] DEBUG io.netty.channel.DefaultChannelId - -Dio.netty.machineId: f8:9e:94:ff:fe:e7:a6:4e (auto-detected)
2022-08-23 23:35:33.027 [AsyncHttpClient-1-2][2649] DEBUG io.netty.buffer.AbstractByteBuf - -Dio.netty.buffer.checkAccessible: true
2022-08-23 23:35:33.027 [AsyncHttpClient-1-2][2649] DEBUG io.netty.buffer.AbstractByteBuf - -Dio.netty.buffer.checkBounds: true
2022-08-23 23:35:33.027 [AsyncHttpClient-1-2][2649] DEBUG io.netty.util.ResourceLeakDetectorFactory - Loaded default ResourceLeakDetector: io.netty.util.ResourceLeakDetector@5f854700
2022-08-23 23:35:33.294 [AsyncHttpClient-1-2][2916] DEBUG io.netty.util.Recycler - -Dio.netty.recycler.maxCapacityPerThread: 4096
2022-08-23 23:35:33.294 [AsyncHttpClient-1-2][2916] DEBUG io.netty.util.Recycler - -Dio.netty.recycler.ratio: 8
2022-08-23 23:35:33.295 [AsyncHttpClient-1-2][2917] DEBUG io.netty.util.Recycler - -Dio.netty.recycler.chunkSize: 32
2022-08-23 23:35:33.295 [AsyncHttpClient-1-2][2917] DEBUG io.netty.util.Recycler - -Dio.netty.recycler.blocking: false
2022-08-23 23:35:46.945 [AsyncHttpClient-1-2][16567] DEBUG io.netty.handler.codec.compression.Brotli - brotli4j not in the classpath; Brotli support will be unavailable.
2022-08-23 23:35:47.327 [main][16949] INFO  step_definitions.Hooks - -----End Scenario : Check login is successful with valid credentials------
2022-08-23 23:35:47.327 [main][16949] INFO  step_definitions.Hooks - -----Scenario : Check login is unsuccessful with invalid credentials------
2022-08-23 23:35:59.774 [main][29396] INFO  step_definitions.Hooks - -----End Scenario : Check login is unsuccessful with invalid credentials------
2022-08-23 23:35:59.780 [main][29402] INFO  step_definitions.Hooks - -----Scenario : Check login is successful with valid credentials for multiple users------
2022-08-23 23:36:14.776 [main][44398] INFO  step_definitions.Hooks - -----End Scenario : Check login is successful with valid credentials for multiple users------
2022-08-23 23:36:14.785 [main][44407] INFO  step_definitions.Hooks - -----Scenario : Check login is successful with valid credentials for multiple users------
2022-08-23 23:36:29.782 [main][59404] INFO  step_definitions.Hooks - -----End Scenario : Check login is successful with valid credentials for multiple users------
2022-08-23 23:36:29.790 [main][59412] INFO  step_definitions.Hooks - -----Scenario : Check login is successful with valid credentials for multiple users------
2022-08-23 23:36:44.829 [main][74451] INFO  step_definitions.Hooks - -----End Scenario : Check login is successful with valid credentials for multiple users------
2022-08-23 23:36:44.839 [main][74461] INFO  step_definitions.Hooks - -----Scenario : Check login is successful using data table------
2022-08-23 23:36:59.935 [main][89557] INFO  step_definitions.Hooks - -----End Scenario : Check login is successful using data table------
2022-08-23 23:36:59.943 [main][89565] INFO  step_definitions.Hooks - -----Scenario : Calculate Real APR rete------
2022-08-23 23:37:15.943 [main][105565] INFO  step_definitions.MortgageSteps -  Landed on the mortgage Calculator Home Page
2022-08-23 23:37:15.948 [main][105570] DEBUG page_objects.NavigationBar - Mouse Hover to the Rates Link 
2022-08-23 23:37:16.274 [main][105896] DEBUG page_objects.NavigationBar - Clicking on the Real APR Link
2022-08-23 23:37:17.577 [main][107199] INFO  step_definitions.MortgageSteps - Navigated to Real Apr Page
2022-08-23 23:37:17.580 [main][107202] DEBUG page_objects.RealApr - Typing Home Value : 200000
2022-08-23 23:37:17.985 [main][107607] DEBUG page_objects.RealApr - Typing Down Payment Value:15000
2022-08-23 23:37:18.380 [main][108002] DEBUG page_objects.RealApr - Typing Interest Rate Value:3
2022-08-23 23:37:18.720 [main][108342] DEBUG page_objects.RealApr - Click on the Calculate Button:
2022-08-23 23:37:19.489 [main][109111] INFO  step_definitions.MortgageSteps - Real APR Rate is calculated upon entering the data
2022-08-23 23:37:19.499 [main][109121] DEBUG page_objects.RealApr - Validate the Real Apr rate is: 3.139%
2022-08-23 23:37:19.639 [main][109261] INFO  step_definitions.MortgageSteps - Real APR Rate is Validate
2022-08-23 23:37:19.749 [main][109371] INFO  step_definitions.Hooks - -----End Scenario : Calculate Real APR rete------
