2022-08-23 04:35:44.671 [main][2318] INFO  step_definitions.Hooks - -----Scenario : Check login is successful with valid credentials------
2022-08-23 04:35:44.956 [main][2603] DEBUG io.netty.util.internal.logging.InternalLoggerFactory - Using Log4J2 as the default logging framework
2022-08-23 04:35:44.959 [main][2606] DEBUG io.netty.util.ResourceLeakDetector - -Dio.netty.leakDetection.level: simple
2022-08-23 04:35:44.959 [main][2606] DEBUG io.netty.util.ResourceLeakDetector - -Dio.netty.leakDetection.targetRecords: 4
2022-08-23 04:35:44.962 [main][2609] DEBUG io.netty.util.ResourceLeakDetectorFactory - Loaded default ResourceLeakDetector: io.netty.util.ResourceLeakDetector@10acd6
2022-08-23 04:35:44.971 [main][2618] DEBUG io.netty.util.internal.PlatformDependent0 - -Dio.netty.noUnsafe: false
2022-08-23 04:35:44.971 [main][2618] DEBUG io.netty.util.internal.PlatformDependent0 - Java version: 11
2022-08-23 04:35:44.972 [main][2619] DEBUG io.netty.util.internal.PlatformDependent0 - sun.misc.Unsafe.theUnsafe: available
2022-08-23 04:35:44.972 [main][2619] DEBUG io.netty.util.internal.PlatformDependent0 - sun.misc.Unsafe.copyMemory: available
2022-08-23 04:35:44.972 [main][2619] DEBUG io.netty.util.internal.PlatformDependent0 - sun.misc.Unsafe.storeFence: available
2022-08-23 04:35:44.972 [main][2619] DEBUG io.netty.util.internal.PlatformDependent0 - java.nio.Buffer.address: available
2022-08-23 04:35:44.973 [main][2620] DEBUG io.netty.util.internal.PlatformDependent0 - direct buffer constructor: unavailable: Reflective setAccessible(true) disabled
2022-08-23 04:35:44.973 [main][2620] DEBUG io.netty.util.internal.PlatformDependent0 - java.nio.Bits.unaligned: available, true
2022-08-23 04:35:44.974 [main][2621] DEBUG io.netty.util.internal.PlatformDependent0 - jdk.internal.misc.Unsafe.allocateUninitializedArray(int): unavailable: class io.netty.util.internal.PlatformDependent0$7 cannot access class jdk.internal.misc.Unsafe (in module java.base) because module java.base does not export jdk.internal.misc to unnamed module @2a54a73f
2022-08-23 04:35:44.974 [main][2621] DEBUG io.netty.util.internal.PlatformDependent0 - java.nio.DirectByteBuffer.<init>(long, int): unavailable
2022-08-23 04:35:44.974 [main][2621] DEBUG io.netty.util.internal.PlatformDependent - sun.misc.Unsafe: available
2022-08-23 04:35:44.974 [main][2621] DEBUG io.netty.util.internal.PlatformDependent - maxDirectMemory: 4213178368 bytes (maybe)
2022-08-23 04:35:44.975 [main][2622] DEBUG io.netty.util.internal.PlatformDependent - -Dio.netty.tmpdir: C:\Users\morbe\AppData\Local\Temp (java.io.tmpdir)
2022-08-23 04:35:44.975 [main][2622] DEBUG io.netty.util.internal.PlatformDependent - -Dio.netty.bitMode: 64 (sun.arch.data.model)
2022-08-23 04:35:44.975 [main][2622] DEBUG io.netty.util.internal.PlatformDependent - Platform: Windows
2022-08-23 04:35:44.975 [main][2622] DEBUG io.netty.util.internal.PlatformDependent - -Dio.netty.maxDirectMemory: -1 bytes
2022-08-23 04:35:44.975 [main][2622] DEBUG io.netty.util.internal.PlatformDependent - -Dio.netty.uninitializedArrayAllocationThreshold: -1
2022-08-23 04:35:44.976 [main][2623] DEBUG io.netty.util.internal.CleanerJava9 - java.nio.ByteBuffer.cleaner(): available
2022-08-23 04:35:44.976 [main][2623] DEBUG io.netty.util.internal.PlatformDependent - -Dio.netty.noPreferDirect: false
2022-08-23 04:35:44.980 [main][2627] DEBUG io.netty.util.internal.PlatformDependent - org.jctools-core.MpscChunkedArrayQueue: available
2022-08-23 04:35:44.990 [main][2637] DEBUG io.netty.util.internal.InternalThreadLocalMap - -Dio.netty.threadLocalMap.stringBuilder.initialSize: 1024
2022-08-23 04:35:44.990 [main][2637] DEBUG io.netty.util.internal.InternalThreadLocalMap - -Dio.netty.threadLocalMap.stringBuilder.maxSize: 4096
2022-08-23 04:35:45.002 [main][2649] DEBUG io.netty.handler.ssl.JdkSslContext - Default protocols (JDK): [TLSv1.3, TLSv1.2] 
2022-08-23 04:35:45.002 [main][2649] DEBUG io.netty.handler.ssl.JdkSslContext - Default cipher suites (JDK): [TLS_ECDHE_ECDSA_WITH_AES_256_GCM_SHA384, TLS_ECDHE_ECDSA_WITH_AES_128_GCM_SHA256, TLS_ECDHE_RSA_WITH_AES_128_GCM_SHA256, TLS_ECDHE_RSA_WITH_AES_256_GCM_SHA384, TLS_ECDHE_RSA_WITH_AES_128_CBC_SHA, TLS_ECDHE_RSA_WITH_AES_256_CBC_SHA, TLS_RSA_WITH_AES_128_GCM_SHA256, TLS_RSA_WITH_AES_128_CBC_SHA, TLS_RSA_WITH_AES_256_CBC_SHA, TLS_AES_128_GCM_SHA256, TLS_AES_256_GCM_SHA384]
2022-08-23 04:35:45.016 [main][2663] DEBUG io.netty.channel.MultithreadEventLoopGroup - -Dio.netty.eventLoopThreads: 24
2022-08-23 04:35:45.021 [main][2668] DEBUG io.netty.channel.nio.NioEventLoop - -Dio.netty.noKeySetOptimization: false
2022-08-23 04:35:45.021 [main][2668] DEBUG io.netty.channel.nio.NioEventLoop - -Dio.netty.selectorAutoRebuildThreshold: 512
2022-08-23 04:35:45.047 [main][2694] DEBUG io.netty.buffer.PooledByteBufAllocator - -Dio.netty.allocator.numHeapArenas: 24
2022-08-23 04:35:45.047 [main][2694] DEBUG io.netty.buffer.PooledByteBufAllocator - -Dio.netty.allocator.numDirectArenas: 24
2022-08-23 04:35:45.047 [main][2694] DEBUG io.netty.buffer.PooledByteBufAllocator - -Dio.netty.allocator.pageSize: 8192
2022-08-23 04:35:45.047 [main][2694] DEBUG io.netty.buffer.PooledByteBufAllocator - -Dio.netty.allocator.maxOrder: 9
2022-08-23 04:35:45.047 [main][2694] DEBUG io.netty.buffer.PooledByteBufAllocator - -Dio.netty.allocator.chunkSize: 4194304
2022-08-23 04:35:45.048 [main][2695] DEBUG io.netty.buffer.PooledByteBufAllocator - -Dio.netty.allocator.smallCacheSize: 256
2022-08-23 04:35:45.048 [main][2695] DEBUG io.netty.buffer.PooledByteBufAllocator - -Dio.netty.allocator.normalCacheSize: 64
2022-08-23 04:35:45.048 [main][2695] DEBUG io.netty.buffer.PooledByteBufAllocator - -Dio.netty.allocator.maxCachedBufferCapacity: 32768
2022-08-23 04:35:45.048 [main][2695] DEBUG io.netty.buffer.PooledByteBufAllocator - -Dio.netty.allocator.cacheTrimInterval: 8192
2022-08-23 04:35:45.048 [main][2695] DEBUG io.netty.buffer.PooledByteBufAllocator - -Dio.netty.allocator.cacheTrimIntervalMillis: 0
2022-08-23 04:35:45.048 [main][2695] DEBUG io.netty.buffer.PooledByteBufAllocator - -Dio.netty.allocator.useCacheForAllThreads: false
2022-08-23 04:35:45.048 [main][2695] DEBUG io.netty.buffer.PooledByteBufAllocator - -Dio.netty.allocator.maxCachedByteBuffersPerChunk: 1023
2022-08-23 04:35:45.054 [main][2701] DEBUG io.netty.buffer.ByteBufUtil - -Dio.netty.allocator.type: pooled
2022-08-23 04:35:45.054 [main][2701] DEBUG io.netty.buffer.ByteBufUtil - -Dio.netty.threadLocalDirectBufferSize: 0
2022-08-23 04:35:45.054 [main][2701] DEBUG io.netty.buffer.ByteBufUtil - -Dio.netty.maxThreadLocalCharBufferSize: 16384
2022-08-23 04:35:45.745 [Forwarding newSession on session null to remote][3392] DEBUG io.netty.channel.DefaultChannelId - -Dio.netty.processId: 18304 (auto-detected)
2022-08-23 04:35:45.746 [Forwarding newSession on session null to remote][3393] DEBUG io.netty.util.NetUtil - -Djava.net.preferIPv4Stack: false
2022-08-23 04:35:45.746 [Forwarding newSession on session null to remote][3393] DEBUG io.netty.util.NetUtil - -Djava.net.preferIPv6Addresses: false
2022-08-23 04:35:45.830 [Forwarding newSession on session null to remote][3477] DEBUG io.netty.util.NetUtilInitializations - Loopback interface: lo (Software Loopback Interface 1, 127.0.0.1)
2022-08-23 04:35:45.831 [Forwarding newSession on session null to remote][3478] DEBUG io.netty.util.NetUtil - Failed to get SOMAXCONN from sysctl and file \proc\sys\net\core\somaxconn. Default: 200
2022-08-23 04:35:45.921 [Forwarding newSession on session null to remote][3568] DEBUG io.netty.channel.DefaultChannelId - -Dio.netty.machineId: f8:9e:94:ff:fe:e7:a6:4e (auto-detected)
2022-08-23 04:35:45.957 [AsyncHttpClient-1-2][3604] DEBUG io.netty.buffer.AbstractByteBuf - -Dio.netty.buffer.checkAccessible: true
2022-08-23 04:35:45.957 [AsyncHttpClient-1-2][3604] DEBUG io.netty.buffer.AbstractByteBuf - -Dio.netty.buffer.checkBounds: true
2022-08-23 04:35:45.957 [AsyncHttpClient-1-2][3604] DEBUG io.netty.util.ResourceLeakDetectorFactory - Loaded default ResourceLeakDetector: io.netty.util.ResourceLeakDetector@40c032c0
2022-08-23 04:35:45.974 [AsyncHttpClient-1-2][3621] DEBUG io.netty.util.Recycler - -Dio.netty.recycler.maxCapacityPerThread: 4096
2022-08-23 04:35:45.974 [AsyncHttpClient-1-2][3621] DEBUG io.netty.util.Recycler - -Dio.netty.recycler.ratio: 8
2022-08-23 04:35:45.974 [AsyncHttpClient-1-2][3621] DEBUG io.netty.util.Recycler - -Dio.netty.recycler.chunkSize: 32
2022-08-23 04:35:45.974 [AsyncHttpClient-1-2][3621] DEBUG io.netty.util.Recycler - -Dio.netty.recycler.blocking: false
2022-08-23 04:35:46.526 [AsyncHttpClient-1-2][4173] DEBUG io.netty.handler.codec.compression.Brotli - brotli4j not in the classpath; Brotli support will be unavailable.
2022-08-23 04:35:46.700 [main][4347] DEBUG io.netty.util.internal.ThreadLocalRandom - -Dio.netty.initialSeedUniquifier: 0x6f227782e62a9497
2022-08-23 04:35:48.055 [main][5702] INFO  step_definitions.LoginSteps - User is in the Login Page
2022-08-23 04:35:48.262 [main][5909] INFO  step_definitions.LoginSteps - User has entered credentials
2022-08-23 04:35:48.306 [main][5953] INFO  step_definitions.LoginSteps - User Clicked on the Login Button
2022-08-23 04:35:48.343 [main][5990] INFO  step_definitions.LoginSteps - User is in the home Page
2022-08-23 04:35:49.013 [main][6660] INFO  step_definitions.Hooks - -----End Scenario : Check login is successful with valid credentials------
2022-08-23 04:35:49.050 [main][6697] INFO  step_definitions.Hooks - -----Scenario : Check login is unsuccessful with invalid credentials------
2022-08-23 04:35:51.027 [main][8674] INFO  step_definitions.LoginSteps - User is in the Login Page
2022-08-23 04:35:51.216 [main][8863] INFO  step_definitions.LoginSteps - User has entered credentials
2022-08-23 04:35:51.258 [main][8905] INFO  step_definitions.LoginSteps - User Clicked on the Login Button
2022-08-23 04:35:51.284 [main][8931] INFO  step_definitions.LoginSteps - User is still on the login Page
2022-08-23 04:35:51.948 [main][9595] INFO  step_definitions.Hooks - -----End Scenario : Check login is unsuccessful with invalid credentials------
2022-08-23 04:35:51.957 [main][9604] INFO  step_definitions.Hooks - -----Scenario : Check login is successful with valid credentials for multiple users------
2022-08-23 04:35:54.157 [main][11804] INFO  step_definitions.LoginSteps - User is in the Login Page
2022-08-23 04:35:54.350 [main][11997] INFO  step_definitions.LoginSteps - User has entered credentials
2022-08-23 04:35:54.393 [main][12040] INFO  step_definitions.LoginSteps - User Clicked on the Login Button
2022-08-23 04:35:54.415 [main][12062] INFO  step_definitions.LoginSteps - User is in the home Page
2022-08-23 04:35:55.083 [main][12730] INFO  step_definitions.Hooks - -----End Scenario : Check login is successful with valid credentials for multiple users------
2022-08-23 04:35:55.086 [main][12733] INFO  step_definitions.Hooks - -----Scenario : Check login is successful with valid credentials for multiple users------
2022-08-23 04:35:57.165 [main][14812] INFO  step_definitions.LoginSteps - User is in the Login Page
2022-08-23 04:35:57.340 [main][14987] INFO  step_definitions.LoginSteps - User has entered credentials
2022-08-23 04:35:57.385 [main][15032] INFO  step_definitions.LoginSteps - User Clicked on the Login Button
2022-08-23 04:35:57.409 [main][15056] INFO  step_definitions.LoginSteps - User is in the home Page
2022-08-23 04:35:58.078 [main][15725] INFO  step_definitions.Hooks - -----End Scenario : Check login is successful with valid credentials for multiple users------
2022-08-23 04:35:58.084 [main][15731] INFO  step_definitions.Hooks - -----Scenario : Check login is successful with valid credentials for multiple users------
2022-08-23 04:36:00.174 [main][17821] INFO  step_definitions.LoginSteps - User is in the Login Page
2022-08-23 04:36:00.359 [main][18006] INFO  step_definitions.LoginSteps - User has entered credentials
2022-08-23 04:36:00.400 [main][18047] INFO  step_definitions.LoginSteps - User Clicked on the Login Button
2022-08-23 04:36:00.429 [main][18076] INFO  step_definitions.LoginSteps - User is in the home Page
2022-08-23 04:36:01.099 [main][18746] INFO  step_definitions.Hooks - -----End Scenario : Check login is successful with valid credentials for multiple users------
2022-08-23 04:36:01.109 [main][18756] INFO  step_definitions.Hooks - -----Scenario : Check login is successful using data table------
2022-08-23 04:36:03.327 [main][20974] INFO  step_definitions.LoginSteps - User is in the Login Page
2022-08-23 04:36:03.525 [main][21172] INFO  step_definitions.LoginSteps - User has entered credentials
2022-08-23 04:36:03.563 [main][21210] INFO  step_definitions.LoginSteps - User clicked on login button
2022-08-23 04:36:03.589 [main][21236] INFO  step_definitions.LoginSteps - User is in the home Page
2022-08-23 04:36:04.247 [main][21894] INFO  step_definitions.Hooks - -----End Scenario : Check login is successful using data table------
2022-08-23 04:36:04.262 [main][21909] INFO  step_definitions.Hooks - -----Scenario : Calculate Real APR rete------
2022-08-23 04:36:07.060 [main][24707] INFO  step_definitions.MortgageSteps -  Landed on the mortgage Calculator Home Page
2022-08-23 04:36:07.062 [main][24709] DEBUG page_objects.NavigationBar - Mouse Hover to the Rates Link 
2022-08-23 04:36:07.246 [main][24893] DEBUG page_objects.NavigationBar - Clicking on the Real APR Link
2022-08-23 04:36:08.639 [main][26286] INFO  step_definitions.MortgageSteps - Navigated to Real Apr Page
2022-08-23 04:36:08.640 [main][26287] DEBUG page_objects.RealApr - Typing Home Value : 200000
2022-08-23 04:36:08.731 [main][26378] DEBUG page_objects.RealApr - Typing Down Payment Value:15000
2022-08-23 04:36:08.838 [main][26485] DEBUG page_objects.RealApr - Typing Interest Rate Value:3
2022-08-23 04:36:08.925 [main][26572] DEBUG page_objects.RealApr - Click on the Calculate Button:
2022-08-23 04:36:09.577 [main][27224] INFO  step_definitions.MortgageSteps - Real APR Rate is calculated upon entering the data
2022-08-23 04:36:09.578 [main][27225] DEBUG page_objects.RealApr - Validate the Real Apr rate is: 3.139%
2022-08-23 04:36:09.607 [main][27254] INFO  step_definitions.MortgageSteps - Real APR Rate is Validate
2022-08-23 04:36:10.302 [main][27949] INFO  step_definitions.Hooks - -----End Scenario : Calculate Real APR rete------
