2022-08-24 00:05:36.591 [main][1315] INFO  step_definitions.Hooks - -----Scenario : Check login is successful with valid credentials------
2022-08-24 00:05:36.873 [main][1597] DEBUG io.netty.util.internal.logging.InternalLoggerFactory - Using Log4J2 as the default logging framework
2022-08-24 00:05:36.873 [main][1597] DEBUG io.netty.util.ResourceLeakDetector - -Dio.netty.leakDetection.level: simple
2022-08-24 00:05:36.873 [main][1597] DEBUG io.netty.util.ResourceLeakDetector - -Dio.netty.leakDetection.targetRecords: 4
2022-08-24 00:05:36.873 [main][1597] DEBUG io.netty.util.ResourceLeakDetectorFactory - Loaded default ResourceLeakDetector: io.netty.util.ResourceLeakDetector@5c82cd4f
2022-08-24 00:05:36.888 [main][1612] DEBUG io.netty.util.internal.PlatformDependent0 - -Dio.netty.noUnsafe: false
2022-08-24 00:05:36.888 [main][1612] DEBUG io.netty.util.internal.PlatformDependent0 - Java version: 11
2022-08-24 00:05:36.888 [main][1612] DEBUG io.netty.util.internal.PlatformDependent0 - sun.misc.Unsafe.theUnsafe: available
2022-08-24 00:05:36.888 [main][1612] DEBUG io.netty.util.internal.PlatformDependent0 - sun.misc.Unsafe.copyMemory: available
2022-08-24 00:05:36.888 [main][1612] DEBUG io.netty.util.internal.PlatformDependent0 - sun.misc.Unsafe.storeFence: available
2022-08-24 00:05:36.888 [main][1612] DEBUG io.netty.util.internal.PlatformDependent0 - java.nio.Buffer.address: available
2022-08-24 00:05:36.888 [main][1612] DEBUG io.netty.util.internal.PlatformDependent0 - direct buffer constructor: unavailable: Reflective setAccessible(true) disabled
2022-08-24 00:05:36.888 [main][1612] DEBUG io.netty.util.internal.PlatformDependent0 - java.nio.Bits.unaligned: available, true
2022-08-24 00:05:36.888 [main][1612] DEBUG io.netty.util.internal.PlatformDependent0 - jdk.internal.misc.Unsafe.allocateUninitializedArray(int): unavailable: class io.netty.util.internal.PlatformDependent0$7 cannot access class jdk.internal.misc.Unsafe (in module java.base) because module java.base does not export jdk.internal.misc to unnamed module @6121c9d6
2022-08-24 00:05:36.888 [main][1612] DEBUG io.netty.util.internal.PlatformDependent0 - java.nio.DirectByteBuffer.<init>(long, int): unavailable
2022-08-24 00:05:36.888 [main][1612] DEBUG io.netty.util.internal.PlatformDependent - sun.misc.Unsafe: available
2022-08-24 00:05:36.888 [main][1612] DEBUG io.netty.util.internal.PlatformDependent - maxDirectMemory: 4213178368 bytes (maybe)
2022-08-24 00:05:36.888 [main][1612] DEBUG io.netty.util.internal.PlatformDependent - -Dio.netty.tmpdir: C:\Users\morbe\AppData\Local\Temp (java.io.tmpdir)
2022-08-24 00:05:36.888 [main][1612] DEBUG io.netty.util.internal.PlatformDependent - -Dio.netty.bitMode: 64 (sun.arch.data.model)
2022-08-24 00:05:36.888 [main][1612] DEBUG io.netty.util.internal.PlatformDependent - Platform: Windows
2022-08-24 00:05:36.888 [main][1612] DEBUG io.netty.util.internal.PlatformDependent - -Dio.netty.maxDirectMemory: -1 bytes
2022-08-24 00:05:36.888 [main][1612] DEBUG io.netty.util.internal.PlatformDependent - -Dio.netty.uninitializedArrayAllocationThreshold: -1
2022-08-24 00:05:36.888 [main][1612] DEBUG io.netty.util.internal.CleanerJava9 - java.nio.ByteBuffer.cleaner(): available
2022-08-24 00:05:36.888 [main][1612] DEBUG io.netty.util.internal.PlatformDependent - -Dio.netty.noPreferDirect: false
2022-08-24 00:05:36.904 [main][1628] DEBUG io.netty.util.internal.PlatformDependent - org.jctools-core.MpscChunkedArrayQueue: available
2022-08-24 00:05:36.904 [main][1628] DEBUG io.netty.util.internal.InternalThreadLocalMap - -Dio.netty.threadLocalMap.stringBuilder.initialSize: 1024
2022-08-24 00:05:36.904 [main][1628] DEBUG io.netty.util.internal.InternalThreadLocalMap - -Dio.netty.threadLocalMap.stringBuilder.maxSize: 4096
2022-08-24 00:05:36.920 [main][1644] DEBUG io.netty.handler.ssl.JdkSslContext - Default protocols (JDK): [TLSv1.3, TLSv1.2] 
2022-08-24 00:05:36.920 [main][1644] DEBUG io.netty.handler.ssl.JdkSslContext - Default cipher suites (JDK): [TLS_ECDHE_ECDSA_WITH_AES_256_GCM_SHA384, TLS_ECDHE_ECDSA_WITH_AES_128_GCM_SHA256, TLS_ECDHE_RSA_WITH_AES_128_GCM_SHA256, TLS_ECDHE_RSA_WITH_AES_256_GCM_SHA384, TLS_ECDHE_RSA_WITH_AES_128_CBC_SHA, TLS_ECDHE_RSA_WITH_AES_256_CBC_SHA, TLS_RSA_WITH_AES_128_GCM_SHA256, TLS_RSA_WITH_AES_128_CBC_SHA, TLS_RSA_WITH_AES_256_CBC_SHA, TLS_AES_128_GCM_SHA256, TLS_AES_256_GCM_SHA384]
2022-08-24 00:05:36.949 [main][1673] DEBUG io.netty.channel.MultithreadEventLoopGroup - -Dio.netty.eventLoopThreads: 24
2022-08-24 00:05:36.949 [main][1673] DEBUG io.netty.channel.nio.NioEventLoop - -Dio.netty.noKeySetOptimization: false
2022-08-24 00:05:36.949 [main][1673] DEBUG io.netty.channel.nio.NioEventLoop - -Dio.netty.selectorAutoRebuildThreshold: 512
2022-08-24 00:05:36.965 [main][1689] DEBUG io.netty.buffer.PooledByteBufAllocator - -Dio.netty.allocator.numHeapArenas: 24
2022-08-24 00:05:36.981 [main][1705] DEBUG io.netty.buffer.PooledByteBufAllocator - -Dio.netty.allocator.numDirectArenas: 24
2022-08-24 00:05:36.981 [main][1705] DEBUG io.netty.buffer.PooledByteBufAllocator - -Dio.netty.allocator.pageSize: 8192
2022-08-24 00:05:36.981 [main][1705] DEBUG io.netty.buffer.PooledByteBufAllocator - -Dio.netty.allocator.maxOrder: 9
2022-08-24 00:05:36.981 [main][1705] DEBUG io.netty.buffer.PooledByteBufAllocator - -Dio.netty.allocator.chunkSize: 4194304
2022-08-24 00:05:36.981 [main][1705] DEBUG io.netty.buffer.PooledByteBufAllocator - -Dio.netty.allocator.smallCacheSize: 256
2022-08-24 00:05:36.981 [main][1705] DEBUG io.netty.buffer.PooledByteBufAllocator - -Dio.netty.allocator.normalCacheSize: 64
2022-08-24 00:05:36.981 [main][1705] DEBUG io.netty.buffer.PooledByteBufAllocator - -Dio.netty.allocator.maxCachedBufferCapacity: 32768
2022-08-24 00:05:36.981 [main][1705] DEBUG io.netty.buffer.PooledByteBufAllocator - -Dio.netty.allocator.cacheTrimInterval: 8192
2022-08-24 00:05:36.981 [main][1705] DEBUG io.netty.buffer.PooledByteBufAllocator - -Dio.netty.allocator.cacheTrimIntervalMillis: 0
2022-08-24 00:05:36.981 [main][1705] DEBUG io.netty.buffer.PooledByteBufAllocator - -Dio.netty.allocator.useCacheForAllThreads: false
2022-08-24 00:05:36.981 [main][1705] DEBUG io.netty.buffer.PooledByteBufAllocator - -Dio.netty.allocator.maxCachedByteBuffersPerChunk: 1023
2022-08-24 00:05:36.981 [main][1705] DEBUG io.netty.buffer.ByteBufUtil - -Dio.netty.allocator.type: pooled
2022-08-24 00:05:36.981 [main][1705] DEBUG io.netty.buffer.ByteBufUtil - -Dio.netty.threadLocalDirectBufferSize: 0
2022-08-24 00:05:36.981 [main][1705] DEBUG io.netty.buffer.ByteBufUtil - -Dio.netty.maxThreadLocalCharBufferSize: 16384
2022-08-24 00:05:37.650 [Forwarding newSession on session null to remote][2374] DEBUG io.netty.channel.DefaultChannelId - -Dio.netty.processId: 19660 (auto-detected)
2022-08-24 00:05:37.650 [Forwarding newSession on session null to remote][2374] DEBUG io.netty.util.NetUtil - -Djava.net.preferIPv4Stack: false
2022-08-24 00:05:37.650 [Forwarding newSession on session null to remote][2374] DEBUG io.netty.util.NetUtil - -Djava.net.preferIPv6Addresses: false
2022-08-24 00:05:37.712 [Forwarding newSession on session null to remote][2436] DEBUG io.netty.util.NetUtilInitializations - Loopback interface: lo (Software Loopback Interface 1, 127.0.0.1)
2022-08-24 00:05:37.712 [Forwarding newSession on session null to remote][2436] DEBUG io.netty.util.NetUtil - Failed to get SOMAXCONN from sysctl and file \proc\sys\net\core\somaxconn. Default: 200
2022-08-24 00:05:37.775 [Forwarding newSession on session null to remote][2499] DEBUG io.netty.channel.DefaultChannelId - -Dio.netty.machineId: f8:9e:94:ff:fe:e7:a6:4e (auto-detected)
2022-08-24 00:05:37.825 [AsyncHttpClient-1-2][2549] DEBUG io.netty.buffer.AbstractByteBuf - -Dio.netty.buffer.checkAccessible: true
2022-08-24 00:05:37.825 [AsyncHttpClient-1-2][2549] DEBUG io.netty.buffer.AbstractByteBuf - -Dio.netty.buffer.checkBounds: true
2022-08-24 00:05:37.825 [AsyncHttpClient-1-2][2549] DEBUG io.netty.util.ResourceLeakDetectorFactory - Loaded default ResourceLeakDetector: io.netty.util.ResourceLeakDetector@5640ce50
2022-08-24 00:05:37.841 [AsyncHttpClient-1-2][2565] DEBUG io.netty.util.Recycler - -Dio.netty.recycler.maxCapacityPerThread: 4096
2022-08-24 00:05:37.841 [AsyncHttpClient-1-2][2565] DEBUG io.netty.util.Recycler - -Dio.netty.recycler.ratio: 8
2022-08-24 00:05:37.841 [AsyncHttpClient-1-2][2565] DEBUG io.netty.util.Recycler - -Dio.netty.recycler.chunkSize: 32
2022-08-24 00:05:37.841 [AsyncHttpClient-1-2][2565] DEBUG io.netty.util.Recycler - -Dio.netty.recycler.blocking: false
2022-08-24 00:05:38.351 [AsyncHttpClient-1-2][3075] DEBUG io.netty.handler.codec.compression.Brotli - brotli4j not in the classpath; Brotli support will be unavailable.
2022-08-24 00:05:38.446 [main][3170] DEBUG io.netty.util.internal.ThreadLocalRandom - -Dio.netty.initialSeedUniquifier: 0x84224c6d1c58f59c
2022-08-24 00:05:39.148 [main][3872] INFO  step_definitions.Hooks - -----End Scenario : Check login is successful with valid credentials------
