2022-08-23 04:12:04.205 [main][2506] INFO  step_definitions.Hooks - -----Scenario : Check login is successful with valid credentials------
2022-08-23 04:12:05.029 [main][3330] DEBUG io.netty.util.internal.logging.InternalLoggerFactory - Using Log4J2 as the default logging framework
2022-08-23 04:12:05.029 [main][3330] DEBUG io.netty.util.ResourceLeakDetector - -Dio.netty.leakDetection.level: simple
2022-08-23 04:12:05.029 [main][3330] DEBUG io.netty.util.ResourceLeakDetector - -Dio.netty.leakDetection.targetRecords: 4
2022-08-23 04:12:05.045 [main][3346] DEBUG io.netty.util.ResourceLeakDetectorFactory - Loaded default ResourceLeakDetector: io.netty.util.ResourceLeakDetector@60f70249
2022-08-23 04:12:05.045 [main][3346] DEBUG io.netty.util.internal.PlatformDependent0 - -Dio.netty.noUnsafe: false
2022-08-23 04:12:05.045 [main][3346] DEBUG io.netty.util.internal.PlatformDependent0 - Java version: 11
2022-08-23 04:12:05.045 [main][3346] DEBUG io.netty.util.internal.PlatformDependent0 - sun.misc.Unsafe.theUnsafe: available
2022-08-23 04:12:05.045 [main][3346] DEBUG io.netty.util.internal.PlatformDependent0 - sun.misc.Unsafe.copyMemory: available
2022-08-23 04:12:05.045 [main][3346] DEBUG io.netty.util.internal.PlatformDependent0 - sun.misc.Unsafe.storeFence: available
2022-08-23 04:12:05.045 [main][3346] DEBUG io.netty.util.internal.PlatformDependent0 - java.nio.Buffer.address: available
2022-08-23 04:12:05.045 [main][3346] DEBUG io.netty.util.internal.PlatformDependent0 - direct buffer constructor: unavailable: Reflective setAccessible(true) disabled
2022-08-23 04:12:05.045 [main][3346] DEBUG io.netty.util.internal.PlatformDependent0 - java.nio.Bits.unaligned: available, true
2022-08-23 04:12:05.045 [main][3346] DEBUG io.netty.util.internal.PlatformDependent0 - jdk.internal.misc.Unsafe.allocateUninitializedArray(int): unavailable: class io.netty.util.internal.PlatformDependent0$7 cannot access class jdk.internal.misc.Unsafe (in module java.base) because module java.base does not export jdk.internal.misc to unnamed module @2a54a73f
2022-08-23 04:12:05.045 [main][3346] DEBUG io.netty.util.internal.PlatformDependent0 - java.nio.DirectByteBuffer.<init>(long, int): unavailable
2022-08-23 04:12:05.045 [main][3346] DEBUG io.netty.util.internal.PlatformDependent - sun.misc.Unsafe: available
2022-08-23 04:12:05.045 [main][3346] DEBUG io.netty.util.internal.PlatformDependent - maxDirectMemory: 4213178368 bytes (maybe)
2022-08-23 04:12:05.045 [main][3346] DEBUG io.netty.util.internal.PlatformDependent - -Dio.netty.tmpdir: C:\Users\morbe\AppData\Local\Temp (java.io.tmpdir)
2022-08-23 04:12:05.045 [main][3346] DEBUG io.netty.util.internal.PlatformDependent - -Dio.netty.bitMode: 64 (sun.arch.data.model)
2022-08-23 04:12:05.045 [main][3346] DEBUG io.netty.util.internal.PlatformDependent - Platform: Windows
2022-08-23 04:12:05.045 [main][3346] DEBUG io.netty.util.internal.PlatformDependent - -Dio.netty.maxDirectMemory: -1 bytes
2022-08-23 04:12:05.045 [main][3346] DEBUG io.netty.util.internal.PlatformDependent - -Dio.netty.uninitializedArrayAllocationThreshold: -1
2022-08-23 04:12:05.061 [main][3362] DEBUG io.netty.util.internal.CleanerJava9 - java.nio.ByteBuffer.cleaner(): available
2022-08-23 04:12:05.061 [main][3362] DEBUG io.netty.util.internal.PlatformDependent - -Dio.netty.noPreferDirect: false
2022-08-23 04:12:05.061 [main][3362] DEBUG io.netty.util.internal.PlatformDependent - org.jctools-core.MpscChunkedArrayQueue: available
2022-08-23 04:12:05.061 [main][3362] DEBUG io.netty.util.internal.InternalThreadLocalMap - -Dio.netty.threadLocalMap.stringBuilder.initialSize: 1024
2022-08-23 04:12:05.061 [main][3362] DEBUG io.netty.util.internal.InternalThreadLocalMap - -Dio.netty.threadLocalMap.stringBuilder.maxSize: 4096
2022-08-23 04:12:05.076 [main][3377] DEBUG io.netty.handler.ssl.JdkSslContext - Default protocols (JDK): [TLSv1.3, TLSv1.2] 
2022-08-23 04:12:05.076 [main][3377] DEBUG io.netty.handler.ssl.JdkSslContext - Default cipher suites (JDK): [TLS_ECDHE_ECDSA_WITH_AES_256_GCM_SHA384, TLS_ECDHE_ECDSA_WITH_AES_128_GCM_SHA256, TLS_ECDHE_RSA_WITH_AES_128_GCM_SHA256, TLS_ECDHE_RSA_WITH_AES_256_GCM_SHA384, TLS_ECDHE_RSA_WITH_AES_128_CBC_SHA, TLS_ECDHE_RSA_WITH_AES_256_CBC_SHA, TLS_RSA_WITH_AES_128_GCM_SHA256, TLS_RSA_WITH_AES_128_CBC_SHA, TLS_RSA_WITH_AES_256_CBC_SHA, TLS_AES_128_GCM_SHA256, TLS_AES_256_GCM_SHA384]
2022-08-23 04:12:05.092 [main][3393] DEBUG io.netty.channel.MultithreadEventLoopGroup - -Dio.netty.eventLoopThreads: 24
2022-08-23 04:12:05.092 [main][3393] DEBUG io.netty.channel.nio.NioEventLoop - -Dio.netty.noKeySetOptimization: false
2022-08-23 04:12:05.092 [main][3393] DEBUG io.netty.channel.nio.NioEventLoop - -Dio.netty.selectorAutoRebuildThreshold: 512
2022-08-23 04:12:05.140 [main][3441] DEBUG io.netty.buffer.PooledByteBufAllocator - -Dio.netty.allocator.numHeapArenas: 24
2022-08-23 04:12:05.140 [main][3441] DEBUG io.netty.buffer.PooledByteBufAllocator - -Dio.netty.allocator.numDirectArenas: 24
2022-08-23 04:12:05.140 [main][3441] DEBUG io.netty.buffer.PooledByteBufAllocator - -Dio.netty.allocator.pageSize: 8192
2022-08-23 04:12:05.140 [main][3441] DEBUG io.netty.buffer.PooledByteBufAllocator - -Dio.netty.allocator.maxOrder: 9
2022-08-23 04:12:05.140 [main][3441] DEBUG io.netty.buffer.PooledByteBufAllocator - -Dio.netty.allocator.chunkSize: 4194304
2022-08-23 04:12:05.140 [main][3441] DEBUG io.netty.buffer.PooledByteBufAllocator - -Dio.netty.allocator.smallCacheSize: 256
2022-08-23 04:12:05.140 [main][3441] DEBUG io.netty.buffer.PooledByteBufAllocator - -Dio.netty.allocator.normalCacheSize: 64
2022-08-23 04:12:05.140 [main][3441] DEBUG io.netty.buffer.PooledByteBufAllocator - -Dio.netty.allocator.maxCachedBufferCapacity: 32768
2022-08-23 04:12:05.140 [main][3441] DEBUG io.netty.buffer.PooledByteBufAllocator - -Dio.netty.allocator.cacheTrimInterval: 8192
2022-08-23 04:12:05.140 [main][3441] DEBUG io.netty.buffer.PooledByteBufAllocator - -Dio.netty.allocator.cacheTrimIntervalMillis: 0
2022-08-23 04:12:05.140 [main][3441] DEBUG io.netty.buffer.PooledByteBufAllocator - -Dio.netty.allocator.useCacheForAllThreads: false
2022-08-23 04:12:05.140 [main][3441] DEBUG io.netty.buffer.PooledByteBufAllocator - -Dio.netty.allocator.maxCachedByteBuffersPerChunk: 1023
2022-08-23 04:12:05.156 [main][3457] DEBUG io.netty.buffer.ByteBufUtil - -Dio.netty.allocator.type: pooled
2022-08-23 04:12:05.156 [main][3457] DEBUG io.netty.buffer.ByteBufUtil - -Dio.netty.threadLocalDirectBufferSize: 0
2022-08-23 04:12:05.156 [main][3457] DEBUG io.netty.buffer.ByteBufUtil - -Dio.netty.maxThreadLocalCharBufferSize: 16384
2022-08-23 04:12:06.036 [Forwarding newSession on session null to remote][4337] DEBUG io.netty.channel.DefaultChannelId - -Dio.netty.processId: 8780 (auto-detected)
2022-08-23 04:12:06.036 [Forwarding newSession on session null to remote][4337] DEBUG io.netty.util.NetUtil - -Djava.net.preferIPv4Stack: false
2022-08-23 04:12:06.036 [Forwarding newSession on session null to remote][4337] DEBUG io.netty.util.NetUtil - -Djava.net.preferIPv6Addresses: false
2022-08-23 04:12:06.132 [Forwarding newSession on session null to remote][4433] DEBUG io.netty.util.NetUtilInitializations - Loopback interface: lo (Software Loopback Interface 1, 127.0.0.1)
2022-08-23 04:12:06.132 [Forwarding newSession on session null to remote][4433] DEBUG io.netty.util.NetUtil - Failed to get SOMAXCONN from sysctl and file \proc\sys\net\core\somaxconn. Default: 200
2022-08-23 04:12:06.215 [Forwarding newSession on session null to remote][4516] DEBUG io.netty.channel.DefaultChannelId - -Dio.netty.machineId: f8:9e:94:ff:fe:e7:a6:4e (auto-detected)
2022-08-23 04:12:06.247 [AsyncHttpClient-1-2][4548] DEBUG io.netty.buffer.AbstractByteBuf - -Dio.netty.buffer.checkAccessible: true
2022-08-23 04:12:06.247 [AsyncHttpClient-1-2][4548] DEBUG io.netty.buffer.AbstractByteBuf - -Dio.netty.buffer.checkBounds: true
2022-08-23 04:12:06.247 [AsyncHttpClient-1-2][4548] DEBUG io.netty.util.ResourceLeakDetectorFactory - Loaded default ResourceLeakDetector: io.netty.util.ResourceLeakDetector@3caa6bde
2022-08-23 04:12:06.263 [AsyncHttpClient-1-2][4564] DEBUG io.netty.util.Recycler - -Dio.netty.recycler.maxCapacityPerThread: 4096
2022-08-23 04:12:06.263 [AsyncHttpClient-1-2][4564] DEBUG io.netty.util.Recycler - -Dio.netty.recycler.ratio: 8
2022-08-23 04:12:06.263 [AsyncHttpClient-1-2][4564] DEBUG io.netty.util.Recycler - -Dio.netty.recycler.chunkSize: 32
2022-08-23 04:12:06.263 [AsyncHttpClient-1-2][4564] DEBUG io.netty.util.Recycler - -Dio.netty.recycler.blocking: false
2022-08-23 04:12:06.849 [AsyncHttpClient-1-2][5150] DEBUG io.netty.handler.codec.compression.Brotli - brotli4j not in the classpath; Brotli support will be unavailable.
2022-08-23 04:12:06.981 [main][5282] DEBUG io.netty.util.internal.ThreadLocalRandom - -Dio.netty.initialSeedUniquifier: 0xc487c918747c587c
2022-08-23 04:12:07.968 [main][6269] INFO  step_definitions.LoginSteps - User is in the Login Page
2022-08-23 04:12:08.162 [main][6463] INFO  step_definitions.LoginSteps - User has entered credentials
2022-08-23 04:12:08.212 [main][6513] INFO  step_definitions.LoginSteps - User Clicked on the Login Button
2022-08-23 04:12:08.252 [main][6553] INFO  step_definitions.LoginSteps - User is in the home Page
2022-08-23 04:12:08.921 [main][7222] INFO  step_definitions.Hooks - -----End Scenario : Check login is successful with valid credentials------
2022-08-23 04:12:08.927 [main][7228] INFO  step_definitions.Hooks - -----Scenario : Check login is unsuccessful with invalid credentials------
2022-08-23 04:12:11.192 [main][9493] INFO  step_definitions.LoginSteps - User is in the Login Page
2022-08-23 04:12:11.372 [main][9673] INFO  step_definitions.LoginSteps - User has entered credentials
2022-08-23 04:12:11.416 [main][9717] INFO  step_definitions.LoginSteps - User Clicked on the Login Button
2022-08-23 04:12:11.451 [main][9752] INFO  step_definitions.LoginSteps - User is still on the login Page
2022-08-23 04:12:12.135 [main][10436] INFO  step_definitions.Hooks - -----End Scenario : Check login is unsuccessful with invalid credentials------
2022-08-23 04:12:12.141 [main][10442] INFO  step_definitions.Hooks - -----Scenario : Check login is successful with valid credentials for multiple users------
2022-08-23 04:12:14.698 [main][12999] INFO  step_definitions.LoginSteps - User is in the Login Page
2022-08-23 04:12:14.868 [main][13169] INFO  step_definitions.LoginSteps - User has entered credentials
2022-08-23 04:12:14.916 [main][13217] INFO  step_definitions.LoginSteps - User Clicked on the Login Button
2022-08-23 04:12:14.941 [main][13242] INFO  step_definitions.LoginSteps - User is in the home Page
2022-08-23 04:12:15.621 [main][13922] INFO  step_definitions.Hooks - -----End Scenario : Check login is successful with valid credentials for multiple users------
2022-08-23 04:12:15.626 [main][13927] INFO  step_definitions.Hooks - -----Scenario : Check login is successful with valid credentials for multiple users------
2022-08-23 04:12:17.843 [main][16144] INFO  step_definitions.LoginSteps - User is in the Login Page
2022-08-23 04:12:18.033 [main][16334] INFO  step_definitions.LoginSteps - User has entered credentials
2022-08-23 04:12:18.077 [main][16378] INFO  step_definitions.LoginSteps - User Clicked on the Login Button
2022-08-23 04:12:18.121 [main][16422] INFO  step_definitions.LoginSteps - User is in the home Page
2022-08-23 04:12:18.801 [main][17102] INFO  step_definitions.Hooks - -----End Scenario : Check login is successful with valid credentials for multiple users------
2022-08-23 04:12:18.806 [main][17107] INFO  step_definitions.Hooks - -----Scenario : Check login is successful with valid credentials for multiple users------
2022-08-23 04:12:21.062 [main][19363] INFO  step_definitions.LoginSteps - User is in the Login Page
2022-08-23 04:12:21.237 [main][19538] INFO  step_definitions.LoginSteps - User has entered credentials
2022-08-23 04:12:21.287 [main][19588] INFO  step_definitions.LoginSteps - User Clicked on the Login Button
2022-08-23 04:12:21.312 [main][19613] INFO  step_definitions.LoginSteps - User is in the home Page
2022-08-23 04:12:21.982 [main][20283] INFO  step_definitions.Hooks - -----End Scenario : Check login is successful with valid credentials for multiple users------
2022-08-23 04:12:21.990 [main][20291] INFO  step_definitions.Hooks - -----Scenario : Check login is successful using data table------
2022-08-23 04:12:23.945 [main][22246] INFO  step_definitions.LoginSteps - User is in the Login Page
2022-08-23 04:12:24.144 [main][22445] INFO  step_definitions.LoginSteps - User has entered credentials
2022-08-23 04:12:24.186 [main][22487] INFO  step_definitions.LoginSteps - User clicked on login button
2022-08-23 04:12:24.213 [main][22514] INFO  step_definitions.LoginSteps - User is in the home Page
2022-08-23 04:12:24.901 [main][23202] INFO  step_definitions.Hooks - -----End Scenario : Check login is successful using data table------
2022-08-23 04:12:24.910 [main][23211] INFO  step_definitions.Hooks - -----Scenario : Calculate Real APR rete------
2022-08-23 04:12:27.364 [main][25665] INFO  step_definitions.MortgageSteps -  Landed on the mortgage Calculator Home Page
2022-08-23 04:12:27.369 [main][25670] DEBUG page_objects.NavigationBar - Mouse Hover to the Rates Link 
2022-08-23 04:12:27.528 [main][25829] DEBUG page_objects.NavigationBar - Clicking on the Real APR Link
2022-08-23 04:12:28.825 [main][27126] INFO  step_definitions.MortgageSteps - Navigated to Real Apr Page
2022-08-23 04:12:28.826 [main][27127] DEBUG page_objects.RealApr - Typing Home Value : 200000
2022-08-23 04:12:28.917 [main][27218] DEBUG page_objects.RealApr - Typing Down Payment Value:15000
2022-08-23 04:12:29.022 [main][27323] DEBUG page_objects.RealApr - Typing Interest Rate Value:3
2022-08-23 04:12:29.104 [main][27405] DEBUG page_objects.RealApr - Click on the Calculate Button:
2022-08-23 04:12:29.960 [main][28261] INFO  step_definitions.MortgageSteps - Real APR Rate is calculated upon entering the data
2022-08-23 04:12:29.963 [main][28264] DEBUG page_objects.RealApr - Validate the Real Apr rate is: 3.139%
2022-08-23 04:12:29.989 [main][28290] INFO  step_definitions.MortgageSteps - Real APR Rate is Validate
2022-08-23 04:12:30.696 [main][28997] INFO  step_definitions.Hooks - -----End Scenario : Calculate Real APR rete------
