2022-08-23 22:02:35.847 [main][1440] INFO  step_definitions.Hooks - -----Scenario : Check login is successful with valid credentials------
2022-08-23 22:02:37.080 [main][2673] DEBUG io.netty.util.internal.logging.InternalLoggerFactory - Using Log4J2 as the default logging framework
2022-08-23 22:02:37.080 [main][2673] DEBUG io.netty.util.ResourceLeakDetector - -Dio.netty.leakDetection.level: simple
2022-08-23 22:02:37.080 [main][2673] DEBUG io.netty.util.ResourceLeakDetector - -Dio.netty.leakDetection.targetRecords: 4
2022-08-23 22:02:37.080 [main][2673] DEBUG io.netty.util.ResourceLeakDetectorFactory - Loaded default ResourceLeakDetector: io.netty.util.ResourceLeakDetector@2643d762
2022-08-23 22:02:37.095 [main][2688] DEBUG io.netty.util.internal.PlatformDependent0 - -Dio.netty.noUnsafe: false
2022-08-23 22:02:37.095 [main][2688] DEBUG io.netty.util.internal.PlatformDependent0 - Java version: 11
2022-08-23 22:02:37.095 [main][2688] DEBUG io.netty.util.internal.PlatformDependent0 - sun.misc.Unsafe.theUnsafe: available
2022-08-23 22:02:37.095 [main][2688] DEBUG io.netty.util.internal.PlatformDependent0 - sun.misc.Unsafe.copyMemory: available
2022-08-23 22:02:37.111 [main][2704] DEBUG io.netty.util.internal.PlatformDependent0 - sun.misc.Unsafe.storeFence: available
2022-08-23 22:02:37.111 [main][2704] DEBUG io.netty.util.internal.PlatformDependent0 - java.nio.Buffer.address: available
2022-08-23 22:02:37.111 [main][2704] DEBUG io.netty.util.internal.PlatformDependent0 - direct buffer constructor: unavailable: Reflective setAccessible(true) disabled
2022-08-23 22:02:37.111 [main][2704] DEBUG io.netty.util.internal.PlatformDependent0 - java.nio.Bits.unaligned: available, true
2022-08-23 22:02:37.111 [main][2704] DEBUG io.netty.util.internal.PlatformDependent0 - jdk.internal.misc.Unsafe.allocateUninitializedArray(int): unavailable: class io.netty.util.internal.PlatformDependent0$7 cannot access class jdk.internal.misc.Unsafe (in module java.base) because module java.base does not export jdk.internal.misc to unnamed module @2a54a73f
2022-08-23 22:02:37.111 [main][2704] DEBUG io.netty.util.internal.PlatformDependent0 - java.nio.DirectByteBuffer.<init>(long, int): unavailable
2022-08-23 22:02:37.111 [main][2704] DEBUG io.netty.util.internal.PlatformDependent - sun.misc.Unsafe: available
2022-08-23 22:02:37.111 [main][2704] DEBUG io.netty.util.internal.PlatformDependent - maxDirectMemory: 4213178368 bytes (maybe)
2022-08-23 22:02:37.111 [main][2704] DEBUG io.netty.util.internal.PlatformDependent - -Dio.netty.tmpdir: C:\Users\morbe\AppData\Local\Temp (java.io.tmpdir)
2022-08-23 22:02:37.111 [main][2704] DEBUG io.netty.util.internal.PlatformDependent - -Dio.netty.bitMode: 64 (sun.arch.data.model)
2022-08-23 22:02:37.111 [main][2704] DEBUG io.netty.util.internal.PlatformDependent - Platform: Windows
2022-08-23 22:02:37.111 [main][2704] DEBUG io.netty.util.internal.PlatformDependent - -Dio.netty.maxDirectMemory: -1 bytes
2022-08-23 22:02:37.111 [main][2704] DEBUG io.netty.util.internal.PlatformDependent - -Dio.netty.uninitializedArrayAllocationThreshold: -1
2022-08-23 22:02:37.111 [main][2704] DEBUG io.netty.util.internal.CleanerJava9 - java.nio.ByteBuffer.cleaner(): available
2022-08-23 22:02:37.111 [main][2704] DEBUG io.netty.util.internal.PlatformDependent - -Dio.netty.noPreferDirect: false
2022-08-23 22:02:37.111 [main][2704] DEBUG io.netty.util.internal.PlatformDependent - org.jctools-core.MpscChunkedArrayQueue: available
2022-08-23 22:02:37.127 [main][2720] DEBUG io.netty.util.internal.InternalThreadLocalMap - -Dio.netty.threadLocalMap.stringBuilder.initialSize: 1024
2022-08-23 22:02:37.127 [main][2720] DEBUG io.netty.util.internal.InternalThreadLocalMap - -Dio.netty.threadLocalMap.stringBuilder.maxSize: 4096
2022-08-23 22:02:37.142 [main][2735] DEBUG io.netty.handler.ssl.JdkSslContext - Default protocols (JDK): [TLSv1.3, TLSv1.2] 
2022-08-23 22:02:37.142 [main][2735] DEBUG io.netty.handler.ssl.JdkSslContext - Default cipher suites (JDK): [TLS_ECDHE_ECDSA_WITH_AES_256_GCM_SHA384, TLS_ECDHE_ECDSA_WITH_AES_128_GCM_SHA256, TLS_ECDHE_RSA_WITH_AES_128_GCM_SHA256, TLS_ECDHE_RSA_WITH_AES_256_GCM_SHA384, TLS_ECDHE_RSA_WITH_AES_128_CBC_SHA, TLS_ECDHE_RSA_WITH_AES_256_CBC_SHA, TLS_RSA_WITH_AES_128_GCM_SHA256, TLS_RSA_WITH_AES_128_CBC_SHA, TLS_RSA_WITH_AES_256_CBC_SHA, TLS_AES_128_GCM_SHA256, TLS_AES_256_GCM_SHA384]
2022-08-23 22:02:37.174 [main][2767] DEBUG io.netty.channel.MultithreadEventLoopGroup - -Dio.netty.eventLoopThreads: 24
2022-08-23 22:02:37.189 [main][2782] DEBUG io.netty.channel.nio.NioEventLoop - -Dio.netty.noKeySetOptimization: false
2022-08-23 22:02:37.189 [main][2782] DEBUG io.netty.channel.nio.NioEventLoop - -Dio.netty.selectorAutoRebuildThreshold: 512
2022-08-23 22:02:37.240 [main][2833] DEBUG io.netty.buffer.PooledByteBufAllocator - -Dio.netty.allocator.numHeapArenas: 24
2022-08-23 22:02:37.240 [main][2833] DEBUG io.netty.buffer.PooledByteBufAllocator - -Dio.netty.allocator.numDirectArenas: 24
2022-08-23 22:02:37.240 [main][2833] DEBUG io.netty.buffer.PooledByteBufAllocator - -Dio.netty.allocator.pageSize: 8192
2022-08-23 22:02:37.240 [main][2833] DEBUG io.netty.buffer.PooledByteBufAllocator - -Dio.netty.allocator.maxOrder: 9
2022-08-23 22:02:37.240 [main][2833] DEBUG io.netty.buffer.PooledByteBufAllocator - -Dio.netty.allocator.chunkSize: 4194304
2022-08-23 22:02:37.240 [main][2833] DEBUG io.netty.buffer.PooledByteBufAllocator - -Dio.netty.allocator.smallCacheSize: 256
2022-08-23 22:02:37.240 [main][2833] DEBUG io.netty.buffer.PooledByteBufAllocator - -Dio.netty.allocator.normalCacheSize: 64
2022-08-23 22:02:37.240 [main][2833] DEBUG io.netty.buffer.PooledByteBufAllocator - -Dio.netty.allocator.maxCachedBufferCapacity: 32768
2022-08-23 22:02:37.240 [main][2833] DEBUG io.netty.buffer.PooledByteBufAllocator - -Dio.netty.allocator.cacheTrimInterval: 8192
2022-08-23 22:02:37.240 [main][2833] DEBUG io.netty.buffer.PooledByteBufAllocator - -Dio.netty.allocator.cacheTrimIntervalMillis: 0
2022-08-23 22:02:37.240 [main][2833] DEBUG io.netty.buffer.PooledByteBufAllocator - -Dio.netty.allocator.useCacheForAllThreads: false
2022-08-23 22:02:37.240 [main][2833] DEBUG io.netty.buffer.PooledByteBufAllocator - -Dio.netty.allocator.maxCachedByteBuffersPerChunk: 1023
2022-08-23 22:02:37.240 [main][2833] DEBUG io.netty.buffer.ByteBufUtil - -Dio.netty.allocator.type: pooled
2022-08-23 22:02:37.240 [main][2833] DEBUG io.netty.buffer.ByteBufUtil - -Dio.netty.threadLocalDirectBufferSize: 0
2022-08-23 22:02:37.240 [main][2833] DEBUG io.netty.buffer.ByteBufUtil - -Dio.netty.maxThreadLocalCharBufferSize: 16384
2022-08-23 22:02:37.963 [Forwarding newSession on session null to remote][3556] DEBUG io.netty.channel.DefaultChannelId - -Dio.netty.processId: 2888 (auto-detected)
2022-08-23 22:02:37.963 [Forwarding newSession on session null to remote][3556] DEBUG io.netty.util.NetUtil - -Djava.net.preferIPv4Stack: false
2022-08-23 22:02:37.963 [Forwarding newSession on session null to remote][3556] DEBUG io.netty.util.NetUtil - -Djava.net.preferIPv6Addresses: false
2022-08-23 22:02:38.025 [Forwarding newSession on session null to remote][3618] DEBUG io.netty.util.NetUtilInitializations - Loopback interface: lo (Software Loopback Interface 1, 127.0.0.1)
2022-08-23 22:02:38.025 [Forwarding newSession on session null to remote][3618] DEBUG io.netty.util.NetUtil - Failed to get SOMAXCONN from sysctl and file \proc\sys\net\core\somaxconn. Default: 200
2022-08-23 22:02:38.091 [Forwarding newSession on session null to remote][3684] DEBUG io.netty.channel.DefaultChannelId - -Dio.netty.machineId: f8:9e:94:ff:fe:e7:a6:4e (auto-detected)
2022-08-23 22:02:38.138 [AsyncHttpClient-1-2][3731] DEBUG io.netty.buffer.AbstractByteBuf - -Dio.netty.buffer.checkAccessible: true
2022-08-23 22:02:38.138 [AsyncHttpClient-1-2][3731] DEBUG io.netty.buffer.AbstractByteBuf - -Dio.netty.buffer.checkBounds: true
2022-08-23 22:02:38.138 [AsyncHttpClient-1-2][3731] DEBUG io.netty.util.ResourceLeakDetectorFactory - Loaded default ResourceLeakDetector: io.netty.util.ResourceLeakDetector@228b8614
2022-08-23 22:02:38.170 [AsyncHttpClient-1-2][3763] DEBUG io.netty.util.Recycler - -Dio.netty.recycler.maxCapacityPerThread: 4096
2022-08-23 22:02:38.170 [AsyncHttpClient-1-2][3763] DEBUG io.netty.util.Recycler - -Dio.netty.recycler.ratio: 8
2022-08-23 22:02:38.170 [AsyncHttpClient-1-2][3763] DEBUG io.netty.util.Recycler - -Dio.netty.recycler.chunkSize: 32
2022-08-23 22:02:38.170 [AsyncHttpClient-1-2][3763] DEBUG io.netty.util.Recycler - -Dio.netty.recycler.blocking: false
2022-08-23 22:02:38.741 [AsyncHttpClient-1-2][4334] DEBUG io.netty.handler.codec.compression.Brotli - brotli4j not in the classpath; Brotli support will be unavailable.
2022-08-23 22:02:38.928 [main][4521] DEBUG io.netty.util.internal.ThreadLocalRandom - -Dio.netty.initialSeedUniquifier: 0x6cd9f119660ac9e9
2022-08-23 22:02:40.529 [main][6122] INFO  step_definitions.LoginSteps - User is in the Login Page
2022-08-23 22:02:40.721 [main][6314] INFO  step_definitions.LoginSteps - User has entered credentials
2022-08-23 22:02:40.759 [main][6352] INFO  step_definitions.LoginSteps - User Clicked on the Login Button
2022-08-23 22:02:40.792 [main][6385] INFO  step_definitions.LoginSteps - User is in the home Page
2022-08-23 22:02:41.424 [main][7017] INFO  step_definitions.Hooks - -----End Scenario : Check login is successful with valid credentials------
2022-08-23 22:02:41.425 [main][7018] INFO  step_definitions.Hooks - -----Scenario : Check login is unsuccessful with invalid credentials------
2022-08-23 22:02:44.088 [main][9681] INFO  step_definitions.LoginSteps - User is in the Login Page
2022-08-23 22:02:44.264 [main][9857] INFO  step_definitions.LoginSteps - User has entered credentials
2022-08-23 22:02:44.305 [main][9898] INFO  step_definitions.LoginSteps - User Clicked on the Login Button
2022-08-23 22:02:44.332 [main][9925] INFO  step_definitions.LoginSteps - User is still on the login Page
2022-08-23 22:02:44.935 [main][10528] INFO  step_definitions.Hooks - -----End Scenario : Check login is unsuccessful with invalid credentials------
2022-08-23 22:02:44.939 [main][10532] INFO  step_definitions.Hooks - -----Scenario : Check login is successful with valid credentials for multiple users------
2022-08-23 22:02:49.098 [main][14691] INFO  step_definitions.LoginSteps - User is in the Login Page
2022-08-23 22:02:49.265 [main][14858] INFO  step_definitions.LoginSteps - User has entered credentials
2022-08-23 22:02:49.306 [main][14899] INFO  step_definitions.LoginSteps - User Clicked on the Login Button
2022-08-23 22:02:49.328 [main][14921] INFO  step_definitions.LoginSteps - User is in the home Page
2022-08-23 22:02:49.924 [main][15517] INFO  step_definitions.Hooks - -----End Scenario : Check login is successful with valid credentials for multiple users------
2022-08-23 22:02:49.924 [main][15517] INFO  step_definitions.Hooks - -----Scenario : Check login is successful with valid credentials for multiple users------
2022-08-23 22:02:53.131 [main][18724] INFO  step_definitions.LoginSteps - User is in the Login Page
2022-08-23 22:02:53.293 [main][18886] INFO  step_definitions.LoginSteps - User has entered credentials
2022-08-23 22:02:53.330 [main][18923] INFO  step_definitions.LoginSteps - User Clicked on the Login Button
2022-08-23 22:02:53.354 [main][18947] INFO  step_definitions.LoginSteps - User is in the home Page
2022-08-23 22:02:53.946 [main][19539] INFO  step_definitions.Hooks - -----End Scenario : Check login is successful with valid credentials for multiple users------
2022-08-23 22:02:53.952 [main][19545] INFO  step_definitions.Hooks - -----Scenario : Check login is successful with valid credentials for multiple users------
2022-08-23 22:02:56.373 [main][21966] INFO  step_definitions.LoginSteps - User is in the Login Page
2022-08-23 22:02:56.556 [main][22149] INFO  step_definitions.LoginSteps - User has entered credentials
2022-08-23 22:02:56.596 [main][22189] INFO  step_definitions.LoginSteps - User Clicked on the Login Button
2022-08-23 22:02:56.619 [main][22212] INFO  step_definitions.LoginSteps - User is in the home Page
2022-08-23 22:02:57.255 [main][22848] INFO  step_definitions.Hooks - -----End Scenario : Check login is successful with valid credentials for multiple users------
2022-08-23 22:02:57.266 [main][22859] INFO  step_definitions.Hooks - -----Scenario : Check login is successful using data table------
2022-08-23 22:02:59.469 [main][25062] INFO  step_definitions.LoginSteps - User is in the Login Page
2022-08-23 22:02:59.624 [main][25217] INFO  step_definitions.LoginSteps - User has entered credentials
2022-08-23 22:02:59.662 [main][25255] INFO  step_definitions.LoginSteps - User clicked on login button
2022-08-23 22:02:59.689 [main][25282] INFO  step_definitions.LoginSteps - User is in the home Page
2022-08-23 22:03:00.311 [main][25904] INFO  step_definitions.Hooks - -----End Scenario : Check login is successful using data table------
2022-08-23 22:03:00.317 [main][25910] INFO  step_definitions.Hooks - -----Scenario : Calculate Real APR rete------
2022-08-23 22:03:04.523 [main][30116] INFO  step_definitions.MortgageSteps -  Landed on the mortgage Calculator Home Page
2022-08-23 22:03:04.525 [main][30118] DEBUG page_objects.NavigationBar - Mouse Hover to the Rates Link 
2022-08-23 22:03:04.665 [main][30258] DEBUG page_objects.NavigationBar - Clicking on the Real APR Link
2022-08-23 22:03:07.026 [main][32619] INFO  step_definitions.MortgageSteps - Navigated to Real Apr Page
2022-08-23 22:03:07.026 [main][32619] DEBUG page_objects.RealApr - Typing Home Value : 200000
2022-08-23 22:03:07.099 [main][32692] DEBUG page_objects.RealApr - Typing Down Payment Value:15000
2022-08-23 22:03:07.177 [main][32770] DEBUG page_objects.RealApr - Typing Interest Rate Value:3
2022-08-23 22:03:07.247 [main][32840] DEBUG page_objects.RealApr - Click on the Calculate Button:
2022-08-23 22:03:08.030 [main][33623] INFO  step_definitions.MortgageSteps - Real APR Rate is calculated upon entering the data
2022-08-23 22:03:08.031 [main][33624] DEBUG page_objects.RealApr - Validate the Real Apr rate is: 3.139%
2022-08-23 22:03:08.054 [main][33647] INFO  step_definitions.MortgageSteps - Real APR Rate is Validate
2022-08-23 22:03:08.656 [main][34249] INFO  step_definitions.Hooks - -----End Scenario : Calculate Real APR rete------
