2022-08-24 00:07:12.788 [main][1889] INFO  step_definitions.Hooks - -----Scenario : Check login is successful with valid credentials------
2022-08-24 00:07:12.883 [main][1984] DEBUG io.netty.util.internal.logging.InternalLoggerFactory - Using Log4J2 as the default logging framework
2022-08-24 00:07:12.883 [main][1984] DEBUG io.netty.util.ResourceLeakDetector - -Dio.netty.leakDetection.level: simple
2022-08-24 00:07:12.883 [main][1984] DEBUG io.netty.util.ResourceLeakDetector - -Dio.netty.leakDetection.targetRecords: 4
2022-08-24 00:07:12.883 [main][1984] DEBUG io.netty.util.ResourceLeakDetectorFactory - Loaded default ResourceLeakDetector: io.netty.util.ResourceLeakDetector@4c0884e8
2022-08-24 00:07:12.898 [main][1999] DEBUG io.netty.util.internal.PlatformDependent0 - -Dio.netty.noUnsafe: false
2022-08-24 00:07:12.898 [main][1999] DEBUG io.netty.util.internal.PlatformDependent0 - Java version: 11
2022-08-24 00:07:12.898 [main][1999] DEBUG io.netty.util.internal.PlatformDependent0 - sun.misc.Unsafe.theUnsafe: available
2022-08-24 00:07:12.898 [main][1999] DEBUG io.netty.util.internal.PlatformDependent0 - sun.misc.Unsafe.copyMemory: available
2022-08-24 00:07:12.898 [main][1999] DEBUG io.netty.util.internal.PlatformDependent0 - sun.misc.Unsafe.storeFence: available
2022-08-24 00:07:12.898 [main][1999] DEBUG io.netty.util.internal.PlatformDependent0 - java.nio.Buffer.address: available
2022-08-24 00:07:12.898 [main][1999] DEBUG io.netty.util.internal.PlatformDependent0 - direct buffer constructor: unavailable: Reflective setAccessible(true) disabled
2022-08-24 00:07:12.898 [main][1999] DEBUG io.netty.util.internal.PlatformDependent0 - java.nio.Bits.unaligned: available, true
2022-08-24 00:07:12.898 [main][1999] DEBUG io.netty.util.internal.PlatformDependent0 - jdk.internal.misc.Unsafe.allocateUninitializedArray(int): unavailable: class io.netty.util.internal.PlatformDependent0$7 cannot access class jdk.internal.misc.Unsafe (in module java.base) because module java.base does not export jdk.internal.misc to unnamed module @2a54a73f
2022-08-24 00:07:12.898 [main][1999] DEBUG io.netty.util.internal.PlatformDependent0 - java.nio.DirectByteBuffer.<init>(long, int): unavailable
2022-08-24 00:07:12.898 [main][1999] DEBUG io.netty.util.internal.PlatformDependent - sun.misc.Unsafe: available
2022-08-24 00:07:12.898 [main][1999] DEBUG io.netty.util.internal.PlatformDependent - maxDirectMemory: 4213178368 bytes (maybe)
2022-08-24 00:07:12.898 [main][1999] DEBUG io.netty.util.internal.PlatformDependent - -Dio.netty.tmpdir: C:\Users\morbe\AppData\Local\Temp (java.io.tmpdir)
2022-08-24 00:07:12.898 [main][1999] DEBUG io.netty.util.internal.PlatformDependent - -Dio.netty.bitMode: 64 (sun.arch.data.model)
2022-08-24 00:07:12.898 [main][1999] DEBUG io.netty.util.internal.PlatformDependent - Platform: Windows
2022-08-24 00:07:12.898 [main][1999] DEBUG io.netty.util.internal.PlatformDependent - -Dio.netty.maxDirectMemory: -1 bytes
2022-08-24 00:07:12.898 [main][1999] DEBUG io.netty.util.internal.PlatformDependent - -Dio.netty.uninitializedArrayAllocationThreshold: -1
2022-08-24 00:07:12.898 [main][1999] DEBUG io.netty.util.internal.CleanerJava9 - java.nio.ByteBuffer.cleaner(): available
2022-08-24 00:07:12.898 [main][1999] DEBUG io.netty.util.internal.PlatformDependent - -Dio.netty.noPreferDirect: false
2022-08-24 00:07:12.914 [main][2015] DEBUG io.netty.util.internal.PlatformDependent - org.jctools-core.MpscChunkedArrayQueue: available
2022-08-24 00:07:12.930 [main][2031] DEBUG io.netty.util.internal.InternalThreadLocalMap - -Dio.netty.threadLocalMap.stringBuilder.initialSize: 1024
2022-08-24 00:07:12.930 [main][2031] DEBUG io.netty.util.internal.InternalThreadLocalMap - -Dio.netty.threadLocalMap.stringBuilder.maxSize: 4096
2022-08-24 00:07:13.023 [main][2124] DEBUG io.netty.handler.ssl.JdkSslContext - Default protocols (JDK): [TLSv1.3, TLSv1.2] 
2022-08-24 00:07:13.023 [main][2124] DEBUG io.netty.handler.ssl.JdkSslContext - Default cipher suites (JDK): [TLS_ECDHE_ECDSA_WITH_AES_256_GCM_SHA384, TLS_ECDHE_ECDSA_WITH_AES_128_GCM_SHA256, TLS_ECDHE_RSA_WITH_AES_128_GCM_SHA256, TLS_ECDHE_RSA_WITH_AES_256_GCM_SHA384, TLS_ECDHE_RSA_WITH_AES_128_CBC_SHA, TLS_ECDHE_RSA_WITH_AES_256_CBC_SHA, TLS_RSA_WITH_AES_128_GCM_SHA256, TLS_RSA_WITH_AES_128_CBC_SHA, TLS_RSA_WITH_AES_256_CBC_SHA, TLS_AES_128_GCM_SHA256, TLS_AES_256_GCM_SHA384]
2022-08-24 00:07:13.039 [main][2140] DEBUG io.netty.channel.MultithreadEventLoopGroup - -Dio.netty.eventLoopThreads: 24
2022-08-24 00:07:13.039 [main][2140] DEBUG io.netty.channel.nio.NioEventLoop - -Dio.netty.noKeySetOptimization: false
2022-08-24 00:07:13.039 [main][2140] DEBUG io.netty.channel.nio.NioEventLoop - -Dio.netty.selectorAutoRebuildThreshold: 512
2022-08-24 00:07:13.070 [main][2171] DEBUG io.netty.buffer.PooledByteBufAllocator - -Dio.netty.allocator.numHeapArenas: 24
2022-08-24 00:07:13.070 [main][2171] DEBUG io.netty.buffer.PooledByteBufAllocator - -Dio.netty.allocator.numDirectArenas: 24
2022-08-24 00:07:13.070 [main][2171] DEBUG io.netty.buffer.PooledByteBufAllocator - -Dio.netty.allocator.pageSize: 8192
2022-08-24 00:07:13.070 [main][2171] DEBUG io.netty.buffer.PooledByteBufAllocator - -Dio.netty.allocator.maxOrder: 9
2022-08-24 00:07:13.070 [main][2171] DEBUG io.netty.buffer.PooledByteBufAllocator - -Dio.netty.allocator.chunkSize: 4194304
2022-08-24 00:07:13.070 [main][2171] DEBUG io.netty.buffer.PooledByteBufAllocator - -Dio.netty.allocator.smallCacheSize: 256
2022-08-24 00:07:13.070 [main][2171] DEBUG io.netty.buffer.PooledByteBufAllocator - -Dio.netty.allocator.normalCacheSize: 64
2022-08-24 00:07:13.070 [main][2171] DEBUG io.netty.buffer.PooledByteBufAllocator - -Dio.netty.allocator.maxCachedBufferCapacity: 32768
2022-08-24 00:07:13.070 [main][2171] DEBUG io.netty.buffer.PooledByteBufAllocator - -Dio.netty.allocator.cacheTrimInterval: 8192
2022-08-24 00:07:13.070 [main][2171] DEBUG io.netty.buffer.PooledByteBufAllocator - -Dio.netty.allocator.cacheTrimIntervalMillis: 0
2022-08-24 00:07:13.070 [main][2171] DEBUG io.netty.buffer.PooledByteBufAllocator - -Dio.netty.allocator.useCacheForAllThreads: false
2022-08-24 00:07:13.070 [main][2171] DEBUG io.netty.buffer.PooledByteBufAllocator - -Dio.netty.allocator.maxCachedByteBuffersPerChunk: 1023
2022-08-24 00:07:13.070 [main][2171] DEBUG io.netty.buffer.ByteBufUtil - -Dio.netty.allocator.type: pooled
2022-08-24 00:07:13.070 [main][2171] DEBUG io.netty.buffer.ByteBufUtil - -Dio.netty.threadLocalDirectBufferSize: 0
2022-08-24 00:07:13.070 [main][2171] DEBUG io.netty.buffer.ByteBufUtil - -Dio.netty.maxThreadLocalCharBufferSize: 16384
2022-08-24 00:07:13.200 [Forwarding newSession on session null to remote][2301] DEBUG io.netty.channel.DefaultChannelId - -Dio.netty.processId: 12044 (auto-detected)
2022-08-24 00:07:13.200 [Forwarding newSession on session null to remote][2301] DEBUG io.netty.util.NetUtil - -Djava.net.preferIPv4Stack: false
2022-08-24 00:07:13.200 [Forwarding newSession on session null to remote][2301] DEBUG io.netty.util.NetUtil - -Djava.net.preferIPv6Addresses: false
2022-08-24 00:07:13.294 [Forwarding newSession on session null to remote][2395] DEBUG io.netty.util.NetUtilInitializations - Loopback interface: lo (Software Loopback Interface 1, 127.0.0.1)
2022-08-24 00:07:13.310 [Forwarding newSession on session null to remote][2411] DEBUG io.netty.util.NetUtil - Failed to get SOMAXCONN from sysctl and file \proc\sys\net\core\somaxconn. Default: 200
2022-08-24 00:07:13.390 [Forwarding newSession on session null to remote][2491] DEBUG io.netty.channel.DefaultChannelId - -Dio.netty.machineId: f8:9e:94:ff:fe:e7:a6:4e (auto-detected)
2022-08-24 00:07:13.437 [AsyncHttpClient-1-2][2538] DEBUG io.netty.buffer.AbstractByteBuf - -Dio.netty.buffer.checkAccessible: true
2022-08-24 00:07:13.437 [AsyncHttpClient-1-2][2538] DEBUG io.netty.buffer.AbstractByteBuf - -Dio.netty.buffer.checkBounds: true
2022-08-24 00:07:13.437 [AsyncHttpClient-1-2][2538] DEBUG io.netty.util.ResourceLeakDetectorFactory - Loaded default ResourceLeakDetector: io.netty.util.ResourceLeakDetector@39d0d1ad
2022-08-24 00:07:13.484 [AsyncHttpClient-1-2][2585] DEBUG io.netty.util.Recycler - -Dio.netty.recycler.maxCapacityPerThread: 4096
2022-08-24 00:07:13.484 [AsyncHttpClient-1-2][2585] DEBUG io.netty.util.Recycler - -Dio.netty.recycler.ratio: 8
2022-08-24 00:07:13.484 [AsyncHttpClient-1-2][2585] DEBUG io.netty.util.Recycler - -Dio.netty.recycler.chunkSize: 32
2022-08-24 00:07:13.484 [AsyncHttpClient-1-2][2585] DEBUG io.netty.util.Recycler - -Dio.netty.recycler.blocking: false
2022-08-24 00:07:14.484 [AsyncHttpClient-1-2][3585] DEBUG io.netty.handler.codec.compression.Brotli - brotli4j not in the classpath; Brotli support will be unavailable.
2022-08-24 00:07:18.476 [main][7577] INFO  step_definitions.LoginSteps - User is in the Login Page
2022-08-24 00:07:19.237 [main][8338] INFO  step_definitions.LoginSteps - User has entered credentials
2022-08-24 00:07:19.413 [main][8514] INFO  step_definitions.LoginSteps - User Clicked on the Login Button
2022-08-24 00:07:19.551 [main][8652] INFO  step_definitions.LoginSteps - User is in the home Page
2022-08-24 00:07:19.714 [main][8815] INFO  step_definitions.Hooks - -----End Scenario : Check login is successful with valid credentials------
2022-08-24 00:07:19.720 [main][8821] INFO  step_definitions.Hooks - -----Scenario : Check login is unsuccessful with invalid credentials------
2022-08-24 00:07:30.653 [main][19754] INFO  step_definitions.LoginSteps - User is in the Login Page
2022-08-24 00:07:31.290 [main][20391] INFO  step_definitions.LoginSteps - User has entered credentials
2022-08-24 00:07:31.471 [main][20572] INFO  step_definitions.LoginSteps - User Clicked on the Login Button
2022-08-24 00:07:31.625 [main][20726] INFO  step_definitions.LoginSteps - User is still on the login Page
2022-08-24 00:07:31.756 [main][20857] INFO  step_definitions.Hooks - -----End Scenario : Check login is unsuccessful with invalid credentials------
2022-08-24 00:07:31.762 [main][20863] INFO  step_definitions.Hooks - -----Scenario : Check login is successful with valid credentials for multiple users------
2022-08-24 00:07:45.519 [main][34620] INFO  step_definitions.LoginSteps - User is in the Login Page
2022-08-24 00:07:46.172 [main][35273] INFO  step_definitions.LoginSteps - User has entered credentials
2022-08-24 00:07:46.346 [main][35447] INFO  step_definitions.LoginSteps - User Clicked on the Login Button
2022-08-24 00:07:46.487 [main][35588] INFO  step_definitions.LoginSteps - User is in the home Page
2022-08-24 00:07:46.622 [main][35723] INFO  step_definitions.Hooks - -----End Scenario : Check login is successful with valid credentials for multiple users------
2022-08-24 00:07:46.622 [main][35723] INFO  step_definitions.Hooks - -----Scenario : Check login is successful with valid credentials for multiple users------
2022-08-24 00:08:03.615 [main][52716] INFO  step_definitions.LoginSteps - User is in the Login Page
2022-08-24 00:08:04.253 [main][53354] INFO  step_definitions.LoginSteps - User has entered credentials
2022-08-24 00:08:04.460 [main][53561] INFO  step_definitions.LoginSteps - User Clicked on the Login Button
2022-08-24 00:08:04.596 [main][53697] INFO  step_definitions.LoginSteps - User is in the home Page
2022-08-24 00:08:04.701 [main][53802] INFO  step_definitions.Hooks - -----End Scenario : Check login is successful with valid credentials for multiple users------
2022-08-24 00:08:04.707 [main][53808] INFO  step_definitions.Hooks - -----Scenario : Check login is successful with valid credentials for multiple users------
2022-08-24 00:08:15.278 [main][64379] INFO  step_definitions.LoginSteps - User is in the Login Page
2022-08-24 00:08:15.917 [main][65018] INFO  step_definitions.LoginSteps - User has entered credentials
2022-08-24 00:08:16.089 [main][65190] INFO  step_definitions.LoginSteps - User Clicked on the Login Button
2022-08-24 00:08:16.200 [main][65301] INFO  step_definitions.LoginSteps - User is in the home Page
2022-08-24 00:08:16.341 [main][65442] INFO  step_definitions.Hooks - -----End Scenario : Check login is successful with valid credentials for multiple users------
2022-08-24 00:08:16.357 [main][65458] INFO  step_definitions.Hooks - -----Scenario : Check login is successful using data table------
2022-08-24 00:08:30.400 [main][79501] INFO  step_definitions.LoginSteps - User is in the Login Page
2022-08-24 00:08:31.152 [main][80253] INFO  step_definitions.LoginSteps - User has entered credentials
2022-08-24 00:08:31.309 [main][80410] INFO  step_definitions.LoginSteps - User clicked on login button
2022-08-24 00:08:31.445 [main][80546] INFO  step_definitions.LoginSteps - User is in the home Page
2022-08-24 00:08:31.553 [main][80654] INFO  step_definitions.Hooks - -----End Scenario : Check login is successful using data table------
2022-08-24 00:08:31.553 [main][80654] INFO  step_definitions.Hooks - -----Scenario : Calculate Real APR rete------
2022-08-24 00:08:46.041 [main][95142] INFO  step_definitions.MortgageSteps -  Landed on the mortgage Calculator Home Page
2022-08-24 00:08:46.041 [main][95142] DEBUG page_objects.NavigationBar - Mouse Hover to the Rates Link 
2022-08-24 00:08:46.315 [main][95416] DEBUG page_objects.NavigationBar - Clicking on the Real APR Link
2022-08-24 00:08:47.629 [main][96730] INFO  step_definitions.MortgageSteps - Navigated to Real Apr Page
2022-08-24 00:08:47.630 [main][96731] DEBUG page_objects.RealApr - Typing Home Value : 200000
2022-08-24 00:08:48.222 [main][97323] DEBUG page_objects.RealApr - Typing Down Payment Value:15000
2022-08-24 00:08:48.571 [main][97672] DEBUG page_objects.RealApr - Typing Interest Rate Value:3
2022-08-24 00:08:48.922 [main][98023] DEBUG page_objects.RealApr - Click on the Calculate Button:
2022-08-24 00:08:49.631 [main][98732] INFO  step_definitions.MortgageSteps - Real APR Rate is calculated upon entering the data
2022-08-24 00:08:49.631 [main][98732] DEBUG page_objects.RealApr - Validate the Real Apr rate is: 3.139%
2022-08-24 00:08:49.757 [main][98858] INFO  step_definitions.MortgageSteps - Real APR Rate is Validate
2022-08-24 00:08:49.900 [main][99001] INFO  step_definitions.Hooks - -----End Scenario : Calculate Real APR rete------
